<?xml version="1.0" encoding="utf-8"?><testsuites><testsuite name="pytest" errors="0" failures="1" skipped="1" tests="3" time="1.567" timestamp="2024-02-21T13:00:10.120841" hostname="docker-desktop"><testcase classname="imu_publisher.test.test_copyright" name="test_copyright" time="0.001"><skipped type="pytest.skip" message="No copyright header has been placed in the generated source file.">/src/ros2_ws/src/imu_publisher/test/test_copyright.py:20: No copyright header has been placed in the generated source file.</skipped></testcase><testcase classname="imu_publisher.test.test_flake8" name="test_flake8" time="0.501"><failure message="AssertionError: Found 15 code style errors / warnings:&#10;  ./imu_publisher/publisher.py:7:1: E302 expected 2 blank lines, found 1&#10;  ./imu_publisher/publisher.py:12:31: E261 at least two spaces before inline comment&#10;  ./imu_publisher/publisher.py:26:64: W291 trailing whitespace&#10;  ./imu_publisher/publisher.py:30:53: W291 trailing whitespace&#10;  ./imu_publisher/publisher.py:36:1: W293 blank line contains whitespace&#10;  ./imu_publisher/publisher.py:42:9: F841 local variable 'e' is assigned to but never used&#10;  ./imu_publisher/publisher.py:51:1: W293 blank line contains whitespace&#10;  ./imu_publisher/publisher.py:55:100: E501 line too long (103 &gt; 99 characters)&#10;  ./imu_publisher/publisher.py:56:57: E128 continuation line under-indented for visual indent&#10;  ./imu_publisher/publisher.py:57:57: E128 continuation line under-indented for visual indent&#10;  ./imu_publisher/publisher.py:57:100: E501 line too long (100 &gt; 99 characters)&#10;  ./imu_publisher/publisher.py:58:57: E128 continuation line under-indented for visual indent&#10;  ./imu_publisher/publisher.py:58:65: W291 trailing whitespace&#10;  ./imu_publisher/publisher.py:59:1: W293 blank line contains whitespace&#10;  ./imu_publisher/publisher.py:68:1: E305 expected 2 blank lines after class or function definition, found 1&#10;assert 1 == 0">test/test_flake8.py:23: in test_flake8
    assert rc == 0, \
E   AssertionError: Found 15 code style errors / warnings:
E     ./imu_publisher/publisher.py:7:1: E302 expected 2 blank lines, found 1
E     ./imu_publisher/publisher.py:12:31: E261 at least two spaces before inline comment
E     ./imu_publisher/publisher.py:26:64: W291 trailing whitespace
E     ./imu_publisher/publisher.py:30:53: W291 trailing whitespace
E     ./imu_publisher/publisher.py:36:1: W293 blank line contains whitespace
E     ./imu_publisher/publisher.py:42:9: F841 local variable 'e' is assigned to but never used
E     ./imu_publisher/publisher.py:51:1: W293 blank line contains whitespace
E     ./imu_publisher/publisher.py:55:100: E501 line too long (103 &gt; 99 characters)
E     ./imu_publisher/publisher.py:56:57: E128 continuation line under-indented for visual indent
E     ./imu_publisher/publisher.py:57:57: E128 continuation line under-indented for visual indent
E     ./imu_publisher/publisher.py:57:100: E501 line too long (100 &gt; 99 characters)
E     ./imu_publisher/publisher.py:58:57: E128 continuation line under-indented for visual indent
E     ./imu_publisher/publisher.py:58:65: W291 trailing whitespace
E     ./imu_publisher/publisher.py:59:1: W293 blank line contains whitespace
E     ./imu_publisher/publisher.py:68:1: E305 expected 2 blank lines after class or function definition, found 1
E   assert 1 == 0</failure></testcase><testcase classname="imu_publisher.test.test_pep257" name="test_pep257" time="0.149" /></testsuite></testsuites>