[1m============================= test session starts ==============================[0m
platform linux -- Python 3.10.12, pytest-6.2.5, py-1.10.0, pluggy-0.13.0
cachedir: /src/ros2_ws/build/pixpubsub/.pytest_cache
rootdir: /src/ros2_ws/src/pixpubsub
plugins: ament-lint-0.12.10, launch-testing-ros-0.19.7, launch-testing-1.0.4, ament-xmllint-0.12.10, ament-flake8-0.12.10, ament-copyright-0.12.10, ament-pep257-0.12.10, colcon-core-0.15.2
[1mcollecting ... [0m[1m
collecting 0 items                                                             [0m[1m
collected 3 items                                                              [0m

test/test_copyright.py [33ms[0m[32m                                                 [ 33%][0m
test/test_flake8.py [31mF[0m[31m                                                    [ 66%][0m
test/test_pep257.py [32m.[0m[31m                                                    [100%][0m

=================================== FAILURES ===================================
[31m[1m_________________________________ test_flake8 __________________________________[0m
[1m[31mtest/test_flake8.py[0m:23: in test_flake8
    [94massert[39;49;00m rc == [94m0[39;49;00m, \
[1m[31mE   AssertionError: Found 106 code style errors / warnings:[0m
[1m[31mE     ./pixpubsub/move_pub.py:6:1: E302 expected 2 blank lines, found 1[0m
[1m[31mE     ./pixpubsub/move_pub.py:11:17: E222 multiple spaces after operator[0m
[1m[31mE     ./pixpubsub/move_pub.py:26:18: E222 multiple spaces after operator[0m
[1m[31mE     ./pixpubsub/move_pub.py:28:1: E302 expected 2 blank lines, found 1[0m
[1m[31mE     ./pixpubsub/move_pub.py:39:1: E305 expected 2 blank lines after class or function definition, found 1[0m
[1m[31mE     ./pixpubsub/pix_pubsub_node.py:9:1: F401 'sys' imported but unused[0m
[1m[31mE     ./pixpubsub/pix_pubsub_node.py:10:1: F401 'serial' imported but unused[0m
[1m[31mE     ./pixpubsub/pix_pubsub_node.py:12:1: E302 expected 2 blank lines, found 1[0m
[1m[31mE     ./pixpubsub/pix_pubsub_node.py:22:1: W293 blank line contains whitespace[0m
[1m[31mE     ./pixpubsub/pix_pubsub_node.py:28:26: E261 at least two spaces before inline comment[0m
[1m[31mE     ./pixpubsub/pix_pubsub_node.py:31:5: E303 too many blank lines (2)[0m
[1m[31mE     ./pixpubsub/pix_pubsub_node.py:41:64: W291 trailing whitespace[0m
[1m[31mE     ./pixpubsub/pix_pubsub_node.py:45:53: W291 trailing whitespace[0m
[1m[31mE     ./pixpubsub/pix_pubsub_node.py:51:1: W293 blank line contains whitespace[0m
[1m[31mE     ./pixpubsub/pix_pubsub_node.py:58:100: E501 line too long (107 > 99 characters)[0m
[1m[31mE     ./pixpubsub/pix_pubsub_node.py:59:61: E128 continuation line under-indented for visual indent[0m
[1m[31mE     ./pixpubsub/pix_pubsub_node.py:59:100: E501 line too long (103 > 99 characters)[0m
[1m[31mE     ./pixpubsub/pix_pubsub_node.py:60:61: E128 continuation line under-indented for visual indent[0m
[1m[31mE     ./pixpubsub/pix_pubsub_node.py:60:100: E501 line too long (104 > 99 characters)[0m
[1m[31mE     ./pixpubsub/pix_pubsub_node.py:61:61: E128 continuation line under-indented for visual indent[0m
[1m[31mE     ./pixpubsub/pix_pubsub_node.py:71:15: E261 at least two spaces before inline comment[0m
[1m[31mE     ./pixpubsub/pix_pubsub_node.py:72:15: E261 at least two spaces before inline comment[0m
[1m[31mE     ./pixpubsub/pix_pubsub_node.py:73:15: E261 at least two spaces before inline comment[0m
[1m[31mE     ./pixpubsub/pix_pubsub_node.py:74:15: E261 at least two spaces before inline comment[0m
[1m[31mE     ./pixpubsub/pix_pubsub_node.py:78:89: W291 trailing whitespace[0m
[1m[31mE     ./pixpubsub/pix_pubsub_node.py:79:1: W293 blank line contains whitespace[0m
[1m[31mE     ./pixpubsub/pix_pubsub_node.py:85:9: F841 local variable 'distance' is assigned to but never used[0m
[1m[31mE     ./pixpubsub/pix_pubsub_node.py:86:9: F841 local variable 'time' is assigned to but never used[0m
[1m[31mE     ./pixpubsub/pix_pubsub_node.py:87:1: W293 blank line contains whitespace[0m
[1m[31mE     ./pixpubsub/pix_pubsub_node.py:89:22: E712 comparison to True should be 'if cond is True:' or 'if cond:'[0m
[1m[31mE     ./pixpubsub/pix_pubsub_node.py:94:14: W291 trailing whitespace[0m
[1m[31mE     ./pixpubsub/pix_pubsub_node.py:99:1: W293 blank line contains whitespace[0m
[1m[31mE     ./pixpubsub/pix_pubsub_node.py:100:1: W293 blank line contains whitespace[0m
[1m[31mE     ./pixpubsub/pix_pubsub_node.py:101:9: E303 too many blank lines (2)[0m
[1m[31mE     ./pixpubsub/pix_pubsub_node.py:104:1: W293 blank line contains whitespace[0m
[1m[31mE     ./pixpubsub/pix_pubsub_node.py:105:5: E303 too many blank lines (2)[0m
[1m[31mE     ./pixpubsub/pix_pubsub_node.py:109:35: W291 trailing whitespace[0m
[1m[31mE     ./pixpubsub/pix_pubsub_node.py:122:1: W293 blank line contains whitespace[0m
[1m[31mE     ./pixpubsub/pix_pubsub_node.py:123:1: W293 blank line contains whitespace[0m
[1m[31mE     ./pixpubsub/pix_pubsub_node.py:124:1: W293 blank line contains whitespace[0m
[1m[31mE     ./pixpubsub/pix_pubsub_node.py:126:1: E303 too many blank lines (4)[0m
[1m[31mE     ./pixpubsub/pix_pubsub_node.py:133:1: E305 expected 2 blank lines after class or function definition, found 1[0m
[1m[31mE     ./pixpubsub/poolTests/testall.py:1:1: F401 'sys' imported but unused[0m
[1m[31mE     ./pixpubsub/poolTests/testall.py:6:11: E225 missing whitespace around operator[0m
[1m[31mE     ./pixpubsub/poolTests/testall.py:15:1: E302 expected 2 blank lines, found 1[0m
[1m[31mE     ./pixpubsub/poolTests/testall.py:18:11: E261 at least two spaces before inline comment[0m
[1m[31mE     ./pixpubsub/poolTests/testall.py:19:11: E261 at least two spaces before inline comment[0m
[1m[31mE     ./pixpubsub/poolTests/testall.py:20:11: E261 at least two spaces before inline comment[0m
[1m[31mE     ./pixpubsub/poolTests/testall.py:21:11: E261 at least two spaces before inline comment[0m
[1m[31mE     ./pixpubsub/poolTests/testall.py:23:1: W293 blank line contains whitespace[0m
[1m[31mE     ./pixpubsub/poolTests/testall.py:24:1: E302 expected 2 blank lines, found 1[0m
[1m[31mE     ./pixpubsub/poolTests/testall.py:26:1: E302 expected 2 blank lines, found 0[0m
[1m[31mE     ./pixpubsub/poolTests/testall.py:27:37: E231 missing whitespace after ','[0m
[1m[31mE     ./pixpubsub/poolTests/testall.py:28:1: W293 blank line contains whitespace[0m
[1m[31mE     ./pixpubsub/poolTests/testall.py:29:1: E302 expected 2 blank lines, found 1[0m
[1m[31mE     ./pixpubsub/poolTests/testall.py:31:1: E302 expected 2 blank lines, found 0[0m
[1m[31mE     ./pixpubsub/poolTests/testall.py:33:1: W293 blank line contains whitespace[0m
[1m[31mE     ./pixpubsub/poolTests/testall.py:34:1: E302 expected 2 blank lines, found 1[0m
[1m[31mE     ./pixpubsub/poolTests/testall.py:35:26: E231 missing whitespace after ','[0m
[1m[31mE     ./pixpubsub/poolTests/testall.py:35:28: E231 missing whitespace after ','[0m
[1m[31mE     ./pixpubsub/poolTests/testall.py:35:32: E231 missing whitespace after ','[0m
[1m[31mE     ./pixpubsub/poolTests/testall.py:36:1: E302 expected 2 blank lines, found 0[0m
[1m[31mE     ./pixpubsub/poolTests/testall.py:36:16: W291 trailing whitespace[0m
[1m[31mE     ./pixpubsub/poolTests/testall.py:37:26: E231 missing whitespace after ','[0m
[1m[31mE     ./pixpubsub/poolTests/testall.py:37:28: E231 missing whitespace after ','[0m
[1m[31mE     ./pixpubsub/poolTests/testall.py:37:32: E231 missing whitespace after ','[0m
[1m[31mE     ./pixpubsub/poolTests/testall.py:37:35: W291 trailing whitespace[0m
[1m[31mE     ./pixpubsub/poolTests/testall.py:38:1: W293 blank line contains whitespace[0m
[1m[31mE     ./pixpubsub/poolTests/testall.py:39:1: E302 expected 2 blank lines, found 1[0m
[1m[31mE     ./pixpubsub/poolTests/testall.py:40:26: E231 missing whitespace after ','[0m
[1m[31mE     ./pixpubsub/poolTests/testall.py:40:28: E231 missing whitespace after ','[0m
[1m[31mE     ./pixpubsub/poolTests/testall.py:40:32: E231 missing whitespace after ','[0m
[1m[31mE     ./pixpubsub/poolTests/testall.py:41:1: E302 expected 2 blank lines, found 0[0m
[1m[31mE     ./pixpubsub/poolTests/testall.py:42:26: E231 missing whitespace after ','[0m
[1m[31mE     ./pixpubsub/poolTests/testall.py:42:28: E231 missing whitespace after ','[0m
[1m[31mE     ./pixpubsub/poolTests/testall.py:42:32: E231 missing whitespace after ','[0m
[1m[31mE     ./pixpubsub/poolTests/testall.py:42:38: W291 trailing whitespace[0m
[1m[31mE     ./pixpubsub/poolTests/testall.py:43:1: W293 blank line contains whitespace[0m
[1m[31mE     ./pixpubsub/poolTests/testall.py:45:1: E302 expected 2 blank lines, found 1[0m
[1m[31mE     ./pixpubsub/poolTests/testall.py:57:1: E302 expected 2 blank lines, found 1[0m
[1m[31mE     ./pixpubsub/poolTests/testall.py:70:1: E302 expected 2 blank lines, found 1[0m
[1m[31mE     ./pixpubsub/poolTests/testall.py:80:1: W293 blank line contains whitespace[0m
[1m[31mE     ./pixpubsub/poolTests/testall.py:82:1: E305 expected 2 blank lines after class or function definition, found 1[0m
[1m[31mE     ./pixpubsub/poolTests/testall.py:86:1: E265 block comment should start with '# '[0m
[1m[31mE     ./pixpubsub/poolTests/testall.py:108:13: W292 no newline at end of file[0m
[1m[31mE     ./pixpubsub/poolTests/vectorinput.py:1:1: F401 'sys' imported but unused[0m
[1m[31mE     ./pixpubsub/poolTests/vectorinput.py:6:11: E225 missing whitespace around operator[0m
[1m[31mE     ./pixpubsub/poolTests/vectorinput.py:15:1: E302 expected 2 blank lines, found 1[0m
[1m[31mE     ./pixpubsub/poolTests/vectorinput.py:26:1: W293 blank line contains whitespace[0m
[1m[31mE     ./pixpubsub/poolTests/vectorinput.py:27:1: E302 expected 2 blank lines, found 1[0m
[1m[31mE     ./pixpubsub/poolTests/vectorinput.py:38:1: W293 blank line contains whitespace[0m
[1m[31mE     ./pixpubsub/poolTests/vectorinput.py:39:1: E302 expected 2 blank lines, found 1[0m
[1m[31mE     ./pixpubsub/poolTests/vectorinput.py:48:26: W291 trailing whitespace[0m
[1m[31mE     ./pixpubsub/poolTests/vectorinput.py:50:1: E302 expected 2 blank lines, found 1[0m
[1m[31mE     ./pixpubsub/poolTests/vectorinput.py:53:11: E261 at least two spaces before inline comment[0m
[1m[31mE     ./pixpubsub/poolTests/vectorinput.py:54:11: E261 at least two spaces before inline comment[0m
[1m[31mE     ./pixpubsub/poolTests/vectorinput.py:55:11: E261 at least two spaces before inline comment[0m
[1m[31mE     ./pixpubsub/poolTests/vectorinput.py:56:11: E261 at least two spaces before inline comment[0m
[1m[31mE     ./pixpubsub/poolTests/vectorinput.py:59:1: E302 expected 2 blank lines, found 1[0m
[1m[31mE     ./pixpubsub/poolTests/vectorinput.py:62:1: E302 expected 2 blank lines, found 1[0m
[1m[31mE     ./pixpubsub/poolTests/vectorinput.py:66:29: W291 trailing whitespace[0m
[1m[31mE     ./pixpubsub/poolTests/vectorinput.py:75:23: E231 missing whitespace after ','[0m
[1m[31mE     ./pixpubsub/poolTests/vectorinput.py:75:28: E231 missing whitespace after ','[0m
[1m[31mE     ./pixpubsub/poolTests/vectorinput.py:75:33: E231 missing whitespace after ','[0m
[1m[31mE     ./pixpubsub/poolTests/vectorinput.py:80:1: W293 blank line contains whitespace[0m
[1m[31mE     ./pixpubsub/poolTests/vectorinput.py:81:1: E305 expected 2 blank lines after class or function definition, found 1[0m
[1m[31mE   assert 1 == 0[0m
----------------------------- Captured stdout call -----------------------------

./pixpubsub/move_pub.py:6:1: E302 expected 2 blank lines, found 1
class MinimalPublisher(Node):
^

./pixpubsub/move_pub.py:11:17: E222 multiple spaces after operator
        self.i =  0
                ^

./pixpubsub/move_pub.py:26:18: E222 multiple spaces after operator
        self.i +=  1
                 ^

./pixpubsub/move_pub.py:28:1: E302 expected 2 blank lines, found 1
def main(args=None):
^

./pixpubsub/move_pub.py:39:1: E305 expected 2 blank lines after class or function definition, found 1
if __name__ == '__main__':
^

./pixpubsub/pix_pubsub_node.py:9:1: F401 'sys' imported but unused
import sys
^

./pixpubsub/pix_pubsub_node.py:10:1: F401 'serial' imported but unused
import serial
^

./pixpubsub/pix_pubsub_node.py:12:1: E302 expected 2 blank lines, found 1
class PixhawkModule(Node):
^

./pixpubsub/pix_pubsub_node.py:22:1: W293 blank line contains whitespace
        
^

./pixpubsub/pix_pubsub_node.py:28:26: E261 at least two spaces before inline comment
        self.subscription # prevent unused variable warning
                         ^

./pixpubsub/pix_pubsub_node.py:31:5: E303 too many blank lines (2)
    def timer_callback(self):
    ^

./pixpubsub/pix_pubsub_node.py:41:64: W291 trailing whitespace
                imu_msg.angular_velocity.x = msg.xgyro / 1000.0  
                                                               ^

./pixpubsub/pix_pubsub_node.py:45:53: W291 trailing whitespace
                imu_msg.header.frame_id = 'imu_link'  
                                                    ^

./pixpubsub/pix_pubsub_node.py:51:1: W293 blank line contains whitespace
        
^

./pixpubsub/pix_pubsub_node.py:58:100: E501 line too long (107 > 99 characters)
            self.__mavlink_connection.mav.request_data_stream_send(self.__mavlink_connection.target_system,
                                                                                                   ^

./pixpubsub/pix_pubsub_node.py:59:61: E128 continuation line under-indented for visual indent
                                                            self.__mavlink_connection.target_component,
                                                            ^

./pixpubsub/pix_pubsub_node.py:59:100: E501 line too long (103 > 99 characters)
                                                            self.__mavlink_connection.target_component,
                                                                                                   ^

./pixpubsub/pix_pubsub_node.py:60:61: E128 continuation line under-indented for visual indent
                                                            mavutil.mavlink.MAV_DATA_STREAM_RAW_SENSORS,
                                                            ^

./pixpubsub/pix_pubsub_node.py:60:100: E501 line too long (104 > 99 characters)
                                                            mavutil.mavlink.MAV_DATA_STREAM_RAW_SENSORS,
                                                                                                   ^

./pixpubsub/pix_pubsub_node.py:61:61: E128 continuation line under-indented for visual indent
                                                            10, 1)  # Adjust rate as needed
                                                            ^

./pixpubsub/pix_pubsub_node.py:71:15: E261 at least two spaces before inline comment
            x, # forward/background
              ^

./pixpubsub/pix_pubsub_node.py:72:15: E261 at least two spaces before inline comment
            y, # strafe left/right
              ^

./pixpubsub/pix_pubsub_node.py:73:15: E261 at least two spaces before inline comment
            z, # up/down
              ^

./pixpubsub/pix_pubsub_node.py:74:15: E261 at least two spaces before inline comment
            r, # turn left/right
              ^

./pixpubsub/pix_pubsub_node.py:78:89: W291 trailing whitespace
        return ((value - old_min) / (old_max - old_min)) * (new_max - new_min) + new_min    
                                                                                        ^

./pixpubsub/pix_pubsub_node.py:79:1: W293 blank line contains whitespace
    
^

./pixpubsub/pix_pubsub_node.py:85:9: F841 local variable 'distance' is assigned to but never used
        distance = msg.distance
        ^

./pixpubsub/pix_pubsub_node.py:86:9: F841 local variable 'time' is assigned to but never used
        time = msg.time
        ^

./pixpubsub/pix_pubsub_node.py:87:1: W293 blank line contains whitespace
        
^

./pixpubsub/pix_pubsub_node.py:89:22: E712 comparison to True should be 'if cond is True:' or 'if cond:'
        if turn_bool == True:
                     ^

./pixpubsub/pix_pubsub_node.py:94:14: W291 trailing whitespace
        else:    
             ^

./pixpubsub/pix_pubsub_node.py:99:1: W293 blank line contains whitespace
        
^

./pixpubsub/pix_pubsub_node.py:100:1: W293 blank line contains whitespace
            
^

./pixpubsub/pix_pubsub_node.py:101:9: E303 too many blank lines (2)
        print(vecx, vecy, vecz, vecr)
        ^

./pixpubsub/pix_pubsub_node.py:104:1: W293 blank line contains whitespace
    
^

./pixpubsub/pix_pubsub_node.py:105:5: E303 too many blank lines (2)
    # def vector_control_tl():
    ^

./pixpubsub/pix_pubsub_node.py:109:35: W291 trailing whitespace
    #             vecstr = input() 
                                  ^

./pixpubsub/pix_pubsub_node.py:122:1: W293 blank line contains whitespace
    
^

./pixpubsub/pix_pubsub_node.py:123:1: W293 blank line contains whitespace
    
^

./pixpubsub/pix_pubsub_node.py:124:1: W293 blank line contains whitespace
        
^

./pixpubsub/pix_pubsub_node.py:126:1: E303 too many blank lines (4)
def main(args=None):
^

./pixpubsub/pix_pubsub_node.py:133:1: E305 expected 2 blank lines after class or function definition, found 1
if __name__ == '__main__':
^

./pixpubsub/poolTests/testall.py:1:1: F401 'sys' imported but unused
import sys
^

./pixpubsub/poolTests/testall.py:6:11: E225 missing whitespace around operator
SERIALPORT='/dev/ttyACM0'
          ^

./pixpubsub/poolTests/testall.py:15:1: E302 expected 2 blank lines, found 1
def send_manual_control(x, y, z, r):
^

./pixpubsub/poolTests/testall.py:18:11: E261 at least two spaces before inline comment
        x, # forward/background
          ^

./pixpubsub/poolTests/testall.py:19:11: E261 at least two spaces before inline comment
        y, # strafe left/right
          ^

./pixpubsub/poolTests/testall.py:20:11: E261 at least two spaces before inline comment
        z, # up/down
          ^

./pixpubsub/poolTests/testall.py:21:11: E261 at least two spaces before inline comment
        r, # turn left/right
          ^

./pixpubsub/poolTests/testall.py:23:1: W293 blank line contains whitespace
    
^

./pixpubsub/poolTests/testall.py:24:1: E302 expected 2 blank lines, found 1
def moveForward():
^

./pixpubsub/poolTests/testall.py:26:1: E302 expected 2 blank lines, found 0
def moveBackward():
^

./pixpubsub/poolTests/testall.py:27:37: E231 missing whitespace after ','
    send_manual_control(-500, 0, 500,0)
                                    ^

./pixpubsub/poolTests/testall.py:28:1: W293 blank line contains whitespace
    
^

./pixpubsub/poolTests/testall.py:29:1: E302 expected 2 blank lines, found 1
def strafeRight():
^

./pixpubsub/poolTests/testall.py:31:1: E302 expected 2 blank lines, found 0
def strafeLeft():
^

./pixpubsub/poolTests/testall.py:33:1: W293 blank line contains whitespace
    
^

./pixpubsub/poolTests/testall.py:34:1: E302 expected 2 blank lines, found 1
def moveUp():
^

./pixpubsub/poolTests/testall.py:35:26: E231 missing whitespace after ','
    send_manual_control(0,0,700,0)
                         ^

./pixpubsub/poolTests/testall.py:35:28: E231 missing whitespace after ','
    send_manual_control(0,0,700,0)
                           ^

./pixpubsub/poolTests/testall.py:35:32: E231 missing whitespace after ','
    send_manual_control(0,0,700,0)
                               ^

./pixpubsub/poolTests/testall.py:36:1: E302 expected 2 blank lines, found 0
def moveDown(): 
^

./pixpubsub/poolTests/testall.py:36:16: W291 trailing whitespace
def moveDown(): 
               ^

./pixpubsub/poolTests/testall.py:37:26: E231 missing whitespace after ','
    send_manual_control(0,0,300,0)    
                         ^

./pixpubsub/poolTests/testall.py:37:28: E231 missing whitespace after ','
    send_manual_control(0,0,300,0)    
                           ^

./pixpubsub/poolTests/testall.py:37:32: E231 missing whitespace after ','
    send_manual_control(0,0,300,0)    
                               ^

./pixpubsub/poolTests/testall.py:37:35: W291 trailing whitespace
    send_manual_control(0,0,300,0)    
                                  ^

./pixpubsub/poolTests/testall.py:38:1: W293 blank line contains whitespace
    
^

./pixpubsub/poolTests/testall.py:39:1: E302 expected 2 blank lines, found 1
def turnLeft():
^

./pixpubsub/poolTests/testall.py:40:26: E231 missing whitespace after ','
    send_manual_control(0,0,500,500)
                         ^

./pixpubsub/poolTests/testall.py:40:28: E231 missing whitespace after ','
    send_manual_control(0,0,500,500)
                           ^

./pixpubsub/poolTests/testall.py:40:32: E231 missing whitespace after ','
    send_manual_control(0,0,500,500)
                               ^

./pixpubsub/poolTests/testall.py:41:1: E302 expected 2 blank lines, found 0
def turnRight():
^

./pixpubsub/poolTests/testall.py:42:26: E231 missing whitespace after ','
    send_manual_control(0,0,500,-500) 
                         ^

./pixpubsub/poolTests/testall.py:42:28: E231 missing whitespace after ','
    send_manual_control(0,0,500,-500) 
                           ^

./pixpubsub/poolTests/testall.py:42:32: E231 missing whitespace after ','
    send_manual_control(0,0,500,-500) 
                               ^

./pixpubsub/poolTests/testall.py:42:38: W291 trailing whitespace
    send_manual_control(0,0,500,-500) 
                                     ^

./pixpubsub/poolTests/testall.py:43:1: W293 blank line contains whitespace
    
^

./pixpubsub/poolTests/testall.py:45:1: E302 expected 2 blank lines, found 1
def armFunc():
^

./pixpubsub/poolTests/testall.py:57:1: E302 expected 2 blank lines, found 1
def modeSetFunc():
^

./pixpubsub/poolTests/testall.py:70:1: E302 expected 2 blank lines, found 1
def disarmFunc():
^

./pixpubsub/poolTests/testall.py:80:1: W293 blank line contains whitespace
    
^

./pixpubsub/poolTests/testall.py:82:1: E305 expected 2 blank lines after class or function definition, found 1
armFunc()
^

./pixpubsub/poolTests/testall.py:86:1: E265 block comment should start with '# '
#in theory should do all movement and return to original place
^

./pixpubsub/poolTests/testall.py:108:13: W292 no newline at end of file
disarmFunc()            ^

./pixpubsub/poolTests/vectorinput.py:1:1: F401 'sys' imported but unused
import sys
^

./pixpubsub/poolTests/vectorinput.py:6:11: E225 missing whitespace around operator
SERIALPORT='/dev/ttyACM0'
          ^

./pixpubsub/poolTests/vectorinput.py:15:1: E302 expected 2 blank lines, found 1
def armFunc():
^

./pixpubsub/poolTests/vectorinput.py:26:1: W293 blank line contains whitespace
    
^

./pixpubsub/poolTests/vectorinput.py:27:1: E302 expected 2 blank lines, found 1
def modeSetFunc():
^

./pixpubsub/poolTests/vectorinput.py:38:1: W293 blank line contains whitespace
    
^

./pixpubsub/poolTests/vectorinput.py:39:1: E302 expected 2 blank lines, found 1
def disarmFunc():
^

./pixpubsub/poolTests/vectorinput.py:48:26: W291 trailing whitespace
    print('Disarming...')        
                         ^

./pixpubsub/poolTests/vectorinput.py:50:1: E302 expected 2 blank lines, found 1
def send_manual_control(x, y, z, r):
^

./pixpubsub/poolTests/vectorinput.py:53:11: E261 at least two spaces before inline comment
        x, # forward/background
          ^

./pixpubsub/poolTests/vectorinput.py:54:11: E261 at least two spaces before inline comment
        y, # strafe left/right
          ^

./pixpubsub/poolTests/vectorinput.py:55:11: E261 at least two spaces before inline comment
        z, # up/down
          ^

./pixpubsub/poolTests/vectorinput.py:56:11: E261 at least two spaces before inline comment
        r, # turn left/right
          ^

./pixpubsub/poolTests/vectorinput.py:59:1: E302 expected 2 blank lines, found 1
def map_to_range(value, old_min, old_max, new_min, new_max):
^

./pixpubsub/poolTests/vectorinput.py:62:1: E302 expected 2 blank lines, found 1
def vector_control_tl():
^

./pixpubsub/poolTests/vectorinput.py:66:29: W291 trailing whitespace
            vecstr = input() 
                            ^

./pixpubsub/poolTests/vectorinput.py:75:23: E231 missing whitespace after ','
            print(vecx,vecy,vecz,vecr)
                      ^

./pixpubsub/poolTests/vectorinput.py:75:28: E231 missing whitespace after ','
            print(vecx,vecy,vecz,vecr)
                           ^

./pixpubsub/poolTests/vectorinput.py:75:33: E231 missing whitespace after ','
            print(vecx,vecy,vecz,vecr)
                                ^

./pixpubsub/poolTests/vectorinput.py:80:1: W293 blank line contains whitespace
    
^

./pixpubsub/poolTests/vectorinput.py:81:1: E305 expected 2 blank lines after class or function definition, found 1
armFunc()
^

3     E128 continuation line under-indented for visual indent
2     E222 multiple spaces after operator
2     E225 missing whitespace around operator
16    E231 missing whitespace after ','
13    E261 at least two spaces before inline comment
1     E265 block comment should start with '# '
21    E302 expected 2 blank lines, found 1
4     E303 too many blank lines (2)
4     E305 expected 2 blank lines after class or function definition, found 1
3     E501 line too long (107 > 99 characters)
1     E712 comparison to True should be 'if cond is True:' or 'if cond:'
4     F401 'sys' imported but unused
2     F841 local variable 'distance' is assigned to but never used
10    W291 trailing whitespace
1     W292 no newline at end of file
19    W293 blank line contains whitespace

10 files checked
106 errors

'E'-type errors: 70
'F'-type errors: 6
'W'-type errors: 30

Checked files:

* ./setup.py
* ./pixpubsub/justmove_sub.py
* ./pixpubsub/move_pub.py
* ./pixpubsub/pix_pubsub_node.py
* ./pixpubsub/__init__.py
* ./pixpubsub/poolTests/testall.py
* ./pixpubsub/poolTests/vectorinput.py
* ./test/test_copyright.py
* ./test/test_flake8.py
* ./test/test_pep257.py
----------------------------- Captured stderr call -----------------------------
option --max-complexity: please update from optparse string `type=` to argparse callable `type=` -- this will be an error in the future
--------- generated xml file: /src/ros2_ws/build/pixpubsub/pytest.xml ----------
=========================== short test summary info ============================
FAILED test/test_flake8.py::test_flake8 - AssertionError: Found 106 code styl...
[31m============== [31m[1m1 failed[0m, [32m1 passed[0m, [33m1 skipped[0m, [33m2 warnings[0m[31m in 1.72s[0m[31m ==============[0m
