<?xml version="1.0" encoding="UTF-8"?>
<Site BuildName="(empty)"
	BuildStamp="20240221-1300-Experimental"
	Name="docker-desktop"
	Generator="ctest-3.22.1"
	CompilerName="/usr/bin/c++"
	CompilerVersion="11.4.0"
	OSName="Linux"
	Hostname="docker-desktop"
	OSRelease="5.15.133.1-microsoft-standard-WSL2"
	OSVersion="#1 SMP Thu Oct 5 21:02:42 UTC 2023"
	OSPlatform="x86_64"
	Is64Bits="1"
	VendorString="AuthenticAMD"
	VendorID="Advanced Micro Devices"
	FamilyID="25"
	ModelID="68"
	ProcessorCacheSize="512"
	NumberOfLogicalCPU="16"
	NumberOfPhysicalCPU="8"
	TotalVirtualMemory="2048"
	TotalPhysicalMemory="6780"
	LogicalProcessorsPerPhysical="2"
	ProcessorClockFrequency="3193.89"
	>
	<Testing>
		<StartDateTime>Feb 21 13:00 UTC</StartDateTime>
		<StartTestTime>1708520406</StartTestTime>
		<TestList>
			<Test>./cppcheck_rosidl_generated_c</Test>
			<Test>./cpplint_rosidl_generated_c</Test>
			<Test>./uncrustify_rosidl_generated_c</Test>
			<Test>./cppcheck_rosidl_typesupport_fastrtps_c</Test>
			<Test>./cpplint_rosidl_typesupport_fastrtps_c</Test>
			<Test>./uncrustify_rosidl_typesupport_fastrtps_c</Test>
			<Test>./cppcheck_rosidl_typesupport_introspection_c</Test>
			<Test>./cpplint_rosidl_typesupport_introspection_c</Test>
			<Test>./uncrustify_rosidl_typesupport_introspection_c</Test>
			<Test>./cppcheck_rosidl_typesupport_c</Test>
			<Test>./cpplint_rosidl_typesupport_c</Test>
			<Test>./uncrustify_rosidl_typesupport_c</Test>
			<Test>./cppcheck_rosidl_generated_cpp</Test>
			<Test>./cpplint_rosidl_generated_cpp</Test>
			<Test>./uncrustify_rosidl_generated_cpp</Test>
			<Test>./cppcheck_rosidl_typesupport_fastrtps_cpp</Test>
			<Test>./cpplint_rosidl_typesupport_fastrtps_cpp</Test>
			<Test>./uncrustify_rosidl_typesupport_fastrtps_cpp</Test>
			<Test>./cppcheck_rosidl_typesupport_introspection_cpp</Test>
			<Test>./cpplint_rosidl_typesupport_introspection_cpp</Test>
			<Test>./uncrustify_rosidl_typesupport_introspection_cpp</Test>
			<Test>./cppcheck_rosidl_typesupport_cpp</Test>
			<Test>./cpplint_rosidl_typesupport_cpp</Test>
			<Test>./uncrustify_rosidl_typesupport_cpp</Test>
			<Test>./cppcheck_rosidl_generated_py</Test>
			<Test>./cpplint_rosidl_generated_py</Test>
			<Test>./flake8_rosidl_generated_py</Test>
			<Test>./pep257_rosidl_generated_py</Test>
			<Test>./uncrustify_rosidl_generated_py</Test>
		</TestList>
		<Test Status="passed">
			<Name>cppcheck_rosidl_generated_c</Name>
			<Path>.</Path>
			<FullName>./cppcheck_rosidl_generated_c</FullName>
			<FullCommandLine>/usr/bin/python3.10 "-u" "/opt/ros/humble/share/ament_cmake_test/cmake/run_test.py" "/src/ros2_ws/build/pioneer_msgs/test_results/pioneer_msgs/cppcheck_rosidl_generated_c.xunit.xml" "--package-name" "pioneer_msgs" "--output-file" "/src/ros2_ws/build/pioneer_msgs/ament_cppcheck/cppcheck_rosidl_generated_c.txt" "--command" "/opt/ros/humble/bin/ament_cppcheck" "--xunit-file" "/src/ros2_ws/build/pioneer_msgs/test_results/pioneer_msgs/cppcheck_rosidl_generated_c.xunit.xml" "/src/ros2_ws/build/pioneer_msgs/rosidl_generator_c/pioneer_msgs"</FullCommandLine>
			<Results>
				<NamedMeasurement type="numeric/double" name="Execution Time">
					<Value>3.94674</Value>
				</NamedMeasurement>
				<NamedMeasurement type="numeric/double" name="Processors">
					<Value>1</Value>
				</NamedMeasurement>
				<NamedMeasurement type="text/string" name="Completion Status">
					<Value>Completed</Value>
				</NamedMeasurement>
				<NamedMeasurement type="text/string" name="Command Line">
					<Value>/usr/bin/python3.10 "-u" "/opt/ros/humble/share/ament_cmake_test/cmake/run_test.py" "/src/ros2_ws/build/pioneer_msgs/test_results/pioneer_msgs/cppcheck_rosidl_generated_c.xunit.xml" "--package-name" "pioneer_msgs" "--output-file" "/src/ros2_ws/build/pioneer_msgs/ament_cppcheck/cppcheck_rosidl_generated_c.txt" "--command" "/opt/ros/humble/bin/ament_cppcheck" "--xunit-file" "/src/ros2_ws/build/pioneer_msgs/test_results/pioneer_msgs/cppcheck_rosidl_generated_c.xunit.xml" "/src/ros2_ws/build/pioneer_msgs/rosidl_generator_c/pioneer_msgs"</Value>
				</NamedMeasurement>
				<NamedMeasurement type="text/string" name="Environment">
					<Value>#CTEST_RESOURCE_GROUP_COUNT=</Value>
				</NamedMeasurement>
				<Measurement>
					<Value>-- run_test.py: invoking following command in '/src/ros2_ws/src/pioneer_msgs':
 - /opt/ros/humble/bin/ament_cppcheck --xunit-file /src/ros2_ws/build/pioneer_msgs/test_results/pioneer_msgs/cppcheck_rosidl_generated_c.xunit.xml /src/ros2_ws/build/pioneer_msgs/rosidl_generator_c/pioneer_msgs
cppcheck 2.7 has known performance issues and therefore will not be used, set the AMENT_CPPCHECK_ALLOW_SLOW_VERSIONS environment variable to override this.
-- run_test.py: return code 0
-- run_test.py: verify result file '/src/ros2_ws/build/pioneer_msgs/test_results/pioneer_msgs/cppcheck_rosidl_generated_c.xunit.xml'
</Value>
				</Measurement>
			</Results>
			<Labels>
				<Label>cppcheck</Label>
				<Label>linter</Label>
			</Labels>
		</Test>
		<Test Status="passed">
			<Name>cpplint_rosidl_generated_c</Name>
			<Path>.</Path>
			<FullName>./cpplint_rosidl_generated_c</FullName>
			<FullCommandLine>/usr/bin/python3.10 "-u" "/opt/ros/humble/share/ament_cmake_test/cmake/run_test.py" "/src/ros2_ws/build/pioneer_msgs/test_results/pioneer_msgs/cpplint_rosidl_generated_c.xunit.xml" "--package-name" "pioneer_msgs" "--output-file" "/src/ros2_ws/build/pioneer_msgs/ament_cpplint/cpplint_rosidl_generated_c.txt" "--command" "/opt/ros/humble/bin/ament_cpplint" "--xunit-file" "/src/ros2_ws/build/pioneer_msgs/test_results/pioneer_msgs/cpplint_rosidl_generated_c.xunit.xml" "--linelength" "999" "--root" "/src/ros2_ws/build/pioneer_msgs/rosidl_generator_c" "/src/ros2_ws/build/pioneer_msgs/rosidl_generator_c/pioneer_msgs"</FullCommandLine>
			<Results>
				<NamedMeasurement type="numeric/double" name="Execution Time">
					<Value>42.9012</Value>
				</NamedMeasurement>
				<NamedMeasurement type="numeric/double" name="Processors">
					<Value>1</Value>
				</NamedMeasurement>
				<NamedMeasurement type="text/string" name="Completion Status">
					<Value>Completed</Value>
				</NamedMeasurement>
				<NamedMeasurement type="text/string" name="Command Line">
					<Value>/usr/bin/python3.10 "-u" "/opt/ros/humble/share/ament_cmake_test/cmake/run_test.py" "/src/ros2_ws/build/pioneer_msgs/test_results/pioneer_msgs/cpplint_rosidl_generated_c.xunit.xml" "--package-name" "pioneer_msgs" "--output-file" "/src/ros2_ws/build/pioneer_msgs/ament_cpplint/cpplint_rosidl_generated_c.txt" "--command" "/opt/ros/humble/bin/ament_cpplint" "--xunit-file" "/src/ros2_ws/build/pioneer_msgs/test_results/pioneer_msgs/cpplint_rosidl_generated_c.xunit.xml" "--linelength" "999" "--root" "/src/ros2_ws/build/pioneer_msgs/rosidl_generator_c" "/src/ros2_ws/build/pioneer_msgs/rosidl_generator_c/pioneer_msgs"</Value>
				</NamedMeasurement>
				<NamedMeasurement type="text/string" name="Environment">
					<Value>#CTEST_RESOURCE_GROUP_COUNT=</Value>
				</NamedMeasurement>
				<Measurement>
					<Value>-- run_test.py: invoking following command in '/src/ros2_ws/src/pioneer_msgs':
 - /opt/ros/humble/bin/ament_cpplint --xunit-file /src/ros2_ws/build/pioneer_msgs/test_results/pioneer_msgs/cpplint_rosidl_generated_c.xunit.xml --linelength 999 --root /src/ros2_ws/build/pioneer_msgs/rosidl_generator_c /src/ros2_ws/build/pioneer_msgs/rosidl_generator_c/pioneer_msgs
Using '--root=/src/ros2_ws/build/pioneer_msgs/rosidl_generator_c' argument

Done processing /src/ros2_ws/build/pioneer_msgs/rosidl_generator_c/pioneer_msgs/msg/detail/motion_command__functions.c

Done processing /src/ros2_ws/build/pioneer_msgs/rosidl_generator_c/pioneer_msgs/msg/detail/motion_command__functions.h

Done processing /src/ros2_ws/build/pioneer_msgs/rosidl_generator_c/pioneer_msgs/msg/detail/motion_command__struct.h

Done processing /src/ros2_ws/build/pioneer_msgs/rosidl_generator_c/pioneer_msgs/msg/detail/motion_command__type_support.h

Done processing /src/ros2_ws/build/pioneer_msgs/rosidl_generator_c/pioneer_msgs/msg/detail/status__functions.c

Done processing /src/ros2_ws/build/pioneer_msgs/rosidl_generator_c/pioneer_msgs/msg/detail/status__functions.h

Done processing /src/ros2_ws/build/pioneer_msgs/rosidl_generator_c/pioneer_msgs/msg/detail/status__struct.h

Done processing /src/ros2_ws/build/pioneer_msgs/rosidl_generator_c/pioneer_msgs/msg/detail/status__type_support.h

Done processing /src/ros2_ws/build/pioneer_msgs/rosidl_generator_c/pioneer_msgs/msg/motion_command.h

Done processing /src/ros2_ws/build/pioneer_msgs/rosidl_generator_c/pioneer_msgs/msg/rosidl_generator_c__visibility_control.h

Done processing /src/ros2_ws/build/pioneer_msgs/rosidl_generator_c/pioneer_msgs/msg/status.h

No problems found
-- run_test.py: return code 0
-- run_test.py: verify result file '/src/ros2_ws/build/pioneer_msgs/test_results/pioneer_msgs/cpplint_rosidl_generated_c.xunit.xml'
</Value>
				</Measurement>
			</Results>
			<Labels>
				<Label>cpplint</Label>
				<Label>linter</Label>
			</Labels>
		</Test>
		<Test Status="passed">
			<Name>uncrustify_rosidl_generated_c</Name>
			<Path>.</Path>
			<FullName>./uncrustify_rosidl_generated_c</FullName>
			<FullCommandLine>/usr/bin/python3.10 "-u" "/opt/ros/humble/share/ament_cmake_test/cmake/run_test.py" "/src/ros2_ws/build/pioneer_msgs/test_results/pioneer_msgs/uncrustify_rosidl_generated_c.xunit.xml" "--package-name" "pioneer_msgs" "--output-file" "/src/ros2_ws/build/pioneer_msgs/ament_uncrustify/uncrustify_rosidl_generated_c.txt" "--command" "/opt/ros/humble/bin/ament_uncrustify" "--xunit-file" "/src/ros2_ws/build/pioneer_msgs/test_results/pioneer_msgs/uncrustify_rosidl_generated_c.xunit.xml" "--linelength" "0" "/src/ros2_ws/build/pioneer_msgs/rosidl_generator_c/pioneer_msgs"</FullCommandLine>
			<Results>
				<NamedMeasurement type="numeric/double" name="Execution Time">
					<Value>4.38083</Value>
				</NamedMeasurement>
				<NamedMeasurement type="numeric/double" name="Processors">
					<Value>1</Value>
				</NamedMeasurement>
				<NamedMeasurement type="text/string" name="Completion Status">
					<Value>Completed</Value>
				</NamedMeasurement>
				<NamedMeasurement type="text/string" name="Command Line">
					<Value>/usr/bin/python3.10 "-u" "/opt/ros/humble/share/ament_cmake_test/cmake/run_test.py" "/src/ros2_ws/build/pioneer_msgs/test_results/pioneer_msgs/uncrustify_rosidl_generated_c.xunit.xml" "--package-name" "pioneer_msgs" "--output-file" "/src/ros2_ws/build/pioneer_msgs/ament_uncrustify/uncrustify_rosidl_generated_c.txt" "--command" "/opt/ros/humble/bin/ament_uncrustify" "--xunit-file" "/src/ros2_ws/build/pioneer_msgs/test_results/pioneer_msgs/uncrustify_rosidl_generated_c.xunit.xml" "--linelength" "0" "/src/ros2_ws/build/pioneer_msgs/rosidl_generator_c/pioneer_msgs"</Value>
				</NamedMeasurement>
				<NamedMeasurement type="text/string" name="Environment">
					<Value>#CTEST_RESOURCE_GROUP_COUNT=</Value>
				</NamedMeasurement>
				<Measurement>
					<Value>-- run_test.py: invoking following command in '/src/ros2_ws/src/pioneer_msgs':
 - /opt/ros/humble/bin/ament_uncrustify --xunit-file /src/ros2_ws/build/pioneer_msgs/test_results/pioneer_msgs/uncrustify_rosidl_generated_c.xunit.xml --linelength 0 /src/ros2_ws/build/pioneer_msgs/rosidl_generator_c/pioneer_msgs
No code style divergence in file '/src/ros2_ws/build/pioneer_msgs/rosidl_generator_c/pioneer_msgs/msg/detail/motion_command__functions.c'

No code style divergence in file '/src/ros2_ws/build/pioneer_msgs/rosidl_generator_c/pioneer_msgs/msg/detail/motion_command__functions.h'

No code style divergence in file '/src/ros2_ws/build/pioneer_msgs/rosidl_generator_c/pioneer_msgs/msg/detail/motion_command__struct.h'

No code style divergence in file '/src/ros2_ws/build/pioneer_msgs/rosidl_generator_c/pioneer_msgs/msg/detail/motion_command__type_support.h'

No code style divergence in file '/src/ros2_ws/build/pioneer_msgs/rosidl_generator_c/pioneer_msgs/msg/detail/status__functions.c'

No code style divergence in file '/src/ros2_ws/build/pioneer_msgs/rosidl_generator_c/pioneer_msgs/msg/detail/status__functions.h'

No code style divergence in file '/src/ros2_ws/build/pioneer_msgs/rosidl_generator_c/pioneer_msgs/msg/detail/status__struct.h'

No code style divergence in file '/src/ros2_ws/build/pioneer_msgs/rosidl_generator_c/pioneer_msgs/msg/detail/status__type_support.h'

No code style divergence in file '/src/ros2_ws/build/pioneer_msgs/rosidl_generator_c/pioneer_msgs/msg/motion_command.h'

No code style divergence in file '/src/ros2_ws/build/pioneer_msgs/rosidl_generator_c/pioneer_msgs/msg/rosidl_generator_c__visibility_control.h'

No code style divergence in file '/src/ros2_ws/build/pioneer_msgs/rosidl_generator_c/pioneer_msgs/msg/status.h'

No problems found
-- run_test.py: return code 0
-- run_test.py: verify result file '/src/ros2_ws/build/pioneer_msgs/test_results/pioneer_msgs/uncrustify_rosidl_generated_c.xunit.xml'
</Value>
				</Measurement>
			</Results>
			<Labels>
				<Label>linter</Label>
				<Label>uncrustify</Label>
			</Labels>
		</Test>
		<Test Status="passed">
			<Name>cppcheck_rosidl_typesupport_fastrtps_c</Name>
			<Path>.</Path>
			<FullName>./cppcheck_rosidl_typesupport_fastrtps_c</FullName>
			<FullCommandLine>/usr/bin/python3.10 "-u" "/opt/ros/humble/share/ament_cmake_test/cmake/run_test.py" "/src/ros2_ws/build/pioneer_msgs/test_results/pioneer_msgs/cppcheck_rosidl_typesupport_fastrtps_c.xunit.xml" "--package-name" "pioneer_msgs" "--output-file" "/src/ros2_ws/build/pioneer_msgs/ament_cppcheck/cppcheck_rosidl_typesupport_fastrtps_c.txt" "--command" "/opt/ros/humble/bin/ament_cppcheck" "--xunit-file" "/src/ros2_ws/build/pioneer_msgs/test_results/pioneer_msgs/cppcheck_rosidl_typesupport_fastrtps_c.xunit.xml" "/src/ros2_ws/build/pioneer_msgs/rosidl_typesupport_fastrtps_c/pioneer_msgs/msg/detail/motion_command__rosidl_typesupport_fastrtps_c.h" "/src/ros2_ws/build/pioneer_msgs/rosidl_typesupport_fastrtps_c/pioneer_msgs/msg/detail/motion_command__type_support_c.cpp" "/src/ros2_ws/build/pioneer_msgs/rosidl_typesupport_fastrtps_c/pioneer_msgs/msg/detail/status__rosidl_typesupport_fastrtps_c.h" "/src/ros2_ws/build/pioneer_msgs/rosidl_typesupport_fastrtps_c/pioneer_msgs/msg/detail/status__type_support_c.cpp"</FullCommandLine>
			<Results>
				<NamedMeasurement type="numeric/double" name="Execution Time">
					<Value>3.88514</Value>
				</NamedMeasurement>
				<NamedMeasurement type="numeric/double" name="Processors">
					<Value>1</Value>
				</NamedMeasurement>
				<NamedMeasurement type="text/string" name="Completion Status">
					<Value>Completed</Value>
				</NamedMeasurement>
				<NamedMeasurement type="text/string" name="Command Line">
					<Value>/usr/bin/python3.10 "-u" "/opt/ros/humble/share/ament_cmake_test/cmake/run_test.py" "/src/ros2_ws/build/pioneer_msgs/test_results/pioneer_msgs/cppcheck_rosidl_typesupport_fastrtps_c.xunit.xml" "--package-name" "pioneer_msgs" "--output-file" "/src/ros2_ws/build/pioneer_msgs/ament_cppcheck/cppcheck_rosidl_typesupport_fastrtps_c.txt" "--command" "/opt/ros/humble/bin/ament_cppcheck" "--xunit-file" "/src/ros2_ws/build/pioneer_msgs/test_results/pioneer_msgs/cppcheck_rosidl_typesupport_fastrtps_c.xunit.xml" "/src/ros2_ws/build/pioneer_msgs/rosidl_typesupport_fastrtps_c/pioneer_msgs/msg/detail/motion_command__rosidl_typesupport_fastrtps_c.h" "/src/ros2_ws/build/pioneer_msgs/rosidl_typesupport_fastrtps_c/pioneer_msgs/msg/detail/motion_command__type_support_c.cpp" "/src/ros2_ws/build/pioneer_msgs/rosidl_typesupport_fastrtps_c/pioneer_msgs/msg/detail/status__rosidl_typesupport_fastrtps_c.h" "/src/ros2_ws/build/pioneer_msgs/rosidl_typesupport_fastrtps_c/pioneer_msgs/msg/detail/status__type_support_c.cpp"</Value>
				</NamedMeasurement>
				<NamedMeasurement type="text/string" name="Environment">
					<Value>#CTEST_RESOURCE_GROUP_COUNT=</Value>
				</NamedMeasurement>
				<Measurement>
					<Value>-- run_test.py: invoking following command in '/src/ros2_ws/src/pioneer_msgs':
 - /opt/ros/humble/bin/ament_cppcheck --xunit-file /src/ros2_ws/build/pioneer_msgs/test_results/pioneer_msgs/cppcheck_rosidl_typesupport_fastrtps_c.xunit.xml /src/ros2_ws/build/pioneer_msgs/rosidl_typesupport_fastrtps_c/pioneer_msgs/msg/detail/motion_command__rosidl_typesupport_fastrtps_c.h /src/ros2_ws/build/pioneer_msgs/rosidl_typesupport_fastrtps_c/pioneer_msgs/msg/detail/motion_command__type_support_c.cpp /src/ros2_ws/build/pioneer_msgs/rosidl_typesupport_fastrtps_c/pioneer_msgs/msg/detail/status__rosidl_typesupport_fastrtps_c.h /src/ros2_ws/build/pioneer_msgs/rosidl_typesupport_fastrtps_c/pioneer_msgs/msg/detail/status__type_support_c.cpp
cppcheck 2.7 has known performance issues and therefore will not be used, set the AMENT_CPPCHECK_ALLOW_SLOW_VERSIONS environment variable to override this.
-- run_test.py: return code 0
-- run_test.py: verify result file '/src/ros2_ws/build/pioneer_msgs/test_results/pioneer_msgs/cppcheck_rosidl_typesupport_fastrtps_c.xunit.xml'
</Value>
				</Measurement>
			</Results>
			<Labels>
				<Label>cppcheck</Label>
				<Label>linter</Label>
			</Labels>
		</Test>
		<Test Status="passed">
			<Name>cpplint_rosidl_typesupport_fastrtps_c</Name>
			<Path>.</Path>
			<FullName>./cpplint_rosidl_typesupport_fastrtps_c</FullName>
			<FullCommandLine>/usr/bin/python3.10 "-u" "/opt/ros/humble/share/ament_cmake_test/cmake/run_test.py" "/src/ros2_ws/build/pioneer_msgs/test_results/pioneer_msgs/cpplint_rosidl_typesupport_fastrtps_c.xunit.xml" "--package-name" "pioneer_msgs" "--output-file" "/src/ros2_ws/build/pioneer_msgs/ament_cpplint/cpplint_rosidl_typesupport_fastrtps_c.txt" "--command" "/opt/ros/humble/bin/ament_cpplint" "--xunit-file" "/src/ros2_ws/build/pioneer_msgs/test_results/pioneer_msgs/cpplint_rosidl_typesupport_fastrtps_c.xunit.xml" "--linelength" "999" "--root" "/src/ros2_ws/build/pioneer_msgs/rosidl_typesupport_fastrtps_c" "/src/ros2_ws/build/pioneer_msgs/rosidl_typesupport_fastrtps_c/pioneer_msgs/msg/detail/motion_command__rosidl_typesupport_fastrtps_c.h" "/src/ros2_ws/build/pioneer_msgs/rosidl_typesupport_fastrtps_c/pioneer_msgs/msg/detail/motion_command__type_support_c.cpp" "/src/ros2_ws/build/pioneer_msgs/rosidl_typesupport_fastrtps_c/pioneer_msgs/msg/detail/status__rosidl_typesupport_fastrtps_c.h" "/src/ros2_ws/build/pioneer_msgs/rosidl_typesupport_fastrtps_c/pioneer_msgs/msg/detail/status__type_support_c.cpp"</FullCommandLine>
			<Results>
				<NamedMeasurement type="numeric/double" name="Execution Time">
					<Value>18.3423</Value>
				</NamedMeasurement>
				<NamedMeasurement type="numeric/double" name="Processors">
					<Value>1</Value>
				</NamedMeasurement>
				<NamedMeasurement type="text/string" name="Completion Status">
					<Value>Completed</Value>
				</NamedMeasurement>
				<NamedMeasurement type="text/string" name="Command Line">
					<Value>/usr/bin/python3.10 "-u" "/opt/ros/humble/share/ament_cmake_test/cmake/run_test.py" "/src/ros2_ws/build/pioneer_msgs/test_results/pioneer_msgs/cpplint_rosidl_typesupport_fastrtps_c.xunit.xml" "--package-name" "pioneer_msgs" "--output-file" "/src/ros2_ws/build/pioneer_msgs/ament_cpplint/cpplint_rosidl_typesupport_fastrtps_c.txt" "--command" "/opt/ros/humble/bin/ament_cpplint" "--xunit-file" "/src/ros2_ws/build/pioneer_msgs/test_results/pioneer_msgs/cpplint_rosidl_typesupport_fastrtps_c.xunit.xml" "--linelength" "999" "--root" "/src/ros2_ws/build/pioneer_msgs/rosidl_typesupport_fastrtps_c" "/src/ros2_ws/build/pioneer_msgs/rosidl_typesupport_fastrtps_c/pioneer_msgs/msg/detail/motion_command__rosidl_typesupport_fastrtps_c.h" "/src/ros2_ws/build/pioneer_msgs/rosidl_typesupport_fastrtps_c/pioneer_msgs/msg/detail/motion_command__type_support_c.cpp" "/src/ros2_ws/build/pioneer_msgs/rosidl_typesupport_fastrtps_c/pioneer_msgs/msg/detail/status__rosidl_typesupport_fastrtps_c.h" "/src/ros2_ws/build/pioneer_msgs/rosidl_typesupport_fastrtps_c/pioneer_msgs/msg/detail/status__type_support_c.cpp"</Value>
				</NamedMeasurement>
				<NamedMeasurement type="text/string" name="Environment">
					<Value>#CTEST_RESOURCE_GROUP_COUNT=</Value>
				</NamedMeasurement>
				<Measurement>
					<Value>-- run_test.py: invoking following command in '/src/ros2_ws/src/pioneer_msgs':
 - /opt/ros/humble/bin/ament_cpplint --xunit-file /src/ros2_ws/build/pioneer_msgs/test_results/pioneer_msgs/cpplint_rosidl_typesupport_fastrtps_c.xunit.xml --linelength 999 --root /src/ros2_ws/build/pioneer_msgs/rosidl_typesupport_fastrtps_c /src/ros2_ws/build/pioneer_msgs/rosidl_typesupport_fastrtps_c/pioneer_msgs/msg/detail/motion_command__rosidl_typesupport_fastrtps_c.h /src/ros2_ws/build/pioneer_msgs/rosidl_typesupport_fastrtps_c/pioneer_msgs/msg/detail/motion_command__type_support_c.cpp /src/ros2_ws/build/pioneer_msgs/rosidl_typesupport_fastrtps_c/pioneer_msgs/msg/detail/status__rosidl_typesupport_fastrtps_c.h /src/ros2_ws/build/pioneer_msgs/rosidl_typesupport_fastrtps_c/pioneer_msgs/msg/detail/status__type_support_c.cpp
Using '--root=/src/ros2_ws/build/pioneer_msgs/rosidl_typesupport_fastrtps_c' argument

Done processing /src/ros2_ws/build/pioneer_msgs/rosidl_typesupport_fastrtps_c/pioneer_msgs/msg/detail/motion_command__rosidl_typesupport_fastrtps_c.h

Done processing /src/ros2_ws/build/pioneer_msgs/rosidl_typesupport_fastrtps_c/pioneer_msgs/msg/detail/motion_command__type_support_c.cpp

Done processing /src/ros2_ws/build/pioneer_msgs/rosidl_typesupport_fastrtps_c/pioneer_msgs/msg/detail/status__rosidl_typesupport_fastrtps_c.h

Done processing /src/ros2_ws/build/pioneer_msgs/rosidl_typesupport_fastrtps_c/pioneer_msgs/msg/detail/status__type_support_c.cpp

No problems found
-- run_test.py: return code 0
-- run_test.py: verify result file '/src/ros2_ws/build/pioneer_msgs/test_results/pioneer_msgs/cpplint_rosidl_typesupport_fastrtps_c.xunit.xml'
</Value>
				</Measurement>
			</Results>
			<Labels>
				<Label>cpplint</Label>
				<Label>linter</Label>
			</Labels>
		</Test>
		<Test Status="passed">
			<Name>uncrustify_rosidl_typesupport_fastrtps_c</Name>
			<Path>.</Path>
			<FullName>./uncrustify_rosidl_typesupport_fastrtps_c</FullName>
			<FullCommandLine>/usr/bin/python3.10 "-u" "/opt/ros/humble/share/ament_cmake_test/cmake/run_test.py" "/src/ros2_ws/build/pioneer_msgs/test_results/pioneer_msgs/uncrustify_rosidl_typesupport_fastrtps_c.xunit.xml" "--package-name" "pioneer_msgs" "--output-file" "/src/ros2_ws/build/pioneer_msgs/ament_uncrustify/uncrustify_rosidl_typesupport_fastrtps_c.txt" "--command" "/opt/ros/humble/bin/ament_uncrustify" "--xunit-file" "/src/ros2_ws/build/pioneer_msgs/test_results/pioneer_msgs/uncrustify_rosidl_typesupport_fastrtps_c.xunit.xml" "--linelength" "0" "/src/ros2_ws/build/pioneer_msgs/rosidl_typesupport_fastrtps_c/pioneer_msgs/msg/detail/motion_command__rosidl_typesupport_fastrtps_c.h" "/src/ros2_ws/build/pioneer_msgs/rosidl_typesupport_fastrtps_c/pioneer_msgs/msg/detail/motion_command__type_support_c.cpp" "/src/ros2_ws/build/pioneer_msgs/rosidl_typesupport_fastrtps_c/pioneer_msgs/msg/detail/status__rosidl_typesupport_fastrtps_c.h" "/src/ros2_ws/build/pioneer_msgs/rosidl_typesupport_fastrtps_c/pioneer_msgs/msg/detail/status__type_support_c.cpp"</FullCommandLine>
			<Results>
				<NamedMeasurement type="numeric/double" name="Execution Time">
					<Value>4.42014</Value>
				</NamedMeasurement>
				<NamedMeasurement type="numeric/double" name="Processors">
					<Value>1</Value>
				</NamedMeasurement>
				<NamedMeasurement type="text/string" name="Completion Status">
					<Value>Completed</Value>
				</NamedMeasurement>
				<NamedMeasurement type="text/string" name="Command Line">
					<Value>/usr/bin/python3.10 "-u" "/opt/ros/humble/share/ament_cmake_test/cmake/run_test.py" "/src/ros2_ws/build/pioneer_msgs/test_results/pioneer_msgs/uncrustify_rosidl_typesupport_fastrtps_c.xunit.xml" "--package-name" "pioneer_msgs" "--output-file" "/src/ros2_ws/build/pioneer_msgs/ament_uncrustify/uncrustify_rosidl_typesupport_fastrtps_c.txt" "--command" "/opt/ros/humble/bin/ament_uncrustify" "--xunit-file" "/src/ros2_ws/build/pioneer_msgs/test_results/pioneer_msgs/uncrustify_rosidl_typesupport_fastrtps_c.xunit.xml" "--linelength" "0" "/src/ros2_ws/build/pioneer_msgs/rosidl_typesupport_fastrtps_c/pioneer_msgs/msg/detail/motion_command__rosidl_typesupport_fastrtps_c.h" "/src/ros2_ws/build/pioneer_msgs/rosidl_typesupport_fastrtps_c/pioneer_msgs/msg/detail/motion_command__type_support_c.cpp" "/src/ros2_ws/build/pioneer_msgs/rosidl_typesupport_fastrtps_c/pioneer_msgs/msg/detail/status__rosidl_typesupport_fastrtps_c.h" "/src/ros2_ws/build/pioneer_msgs/rosidl_typesupport_fastrtps_c/pioneer_msgs/msg/detail/status__type_support_c.cpp"</Value>
				</NamedMeasurement>
				<NamedMeasurement type="text/string" name="Environment">
					<Value>#CTEST_RESOURCE_GROUP_COUNT=</Value>
				</NamedMeasurement>
				<Measurement>
					<Value>-- run_test.py: invoking following command in '/src/ros2_ws/src/pioneer_msgs':
 - /opt/ros/humble/bin/ament_uncrustify --xunit-file /src/ros2_ws/build/pioneer_msgs/test_results/pioneer_msgs/uncrustify_rosidl_typesupport_fastrtps_c.xunit.xml --linelength 0 /src/ros2_ws/build/pioneer_msgs/rosidl_typesupport_fastrtps_c/pioneer_msgs/msg/detail/motion_command__rosidl_typesupport_fastrtps_c.h /src/ros2_ws/build/pioneer_msgs/rosidl_typesupport_fastrtps_c/pioneer_msgs/msg/detail/motion_command__type_support_c.cpp /src/ros2_ws/build/pioneer_msgs/rosidl_typesupport_fastrtps_c/pioneer_msgs/msg/detail/status__rosidl_typesupport_fastrtps_c.h /src/ros2_ws/build/pioneer_msgs/rosidl_typesupport_fastrtps_c/pioneer_msgs/msg/detail/status__type_support_c.cpp
No code style divergence in file '/src/ros2_ws/build/pioneer_msgs/rosidl_typesupport_fastrtps_c/pioneer_msgs/msg/detail/motion_command__rosidl_typesupport_fastrtps_c.h'

No code style divergence in file '/src/ros2_ws/build/pioneer_msgs/rosidl_typesupport_fastrtps_c/pioneer_msgs/msg/detail/motion_command__type_support_c.cpp'

No code style divergence in file '/src/ros2_ws/build/pioneer_msgs/rosidl_typesupport_fastrtps_c/pioneer_msgs/msg/detail/status__rosidl_typesupport_fastrtps_c.h'

No code style divergence in file '/src/ros2_ws/build/pioneer_msgs/rosidl_typesupport_fastrtps_c/pioneer_msgs/msg/detail/status__type_support_c.cpp'

No problems found
-- run_test.py: return code 0
-- run_test.py: verify result file '/src/ros2_ws/build/pioneer_msgs/test_results/pioneer_msgs/uncrustify_rosidl_typesupport_fastrtps_c.xunit.xml'
</Value>
				</Measurement>
			</Results>
			<Labels>
				<Label>linter</Label>
				<Label>uncrustify</Label>
			</Labels>
		</Test>
		<Test Status="passed">
			<Name>cppcheck_rosidl_typesupport_introspection_c</Name>
			<Path>.</Path>
			<FullName>./cppcheck_rosidl_typesupport_introspection_c</FullName>
			<FullCommandLine>/usr/bin/python3.10 "-u" "/opt/ros/humble/share/ament_cmake_test/cmake/run_test.py" "/src/ros2_ws/build/pioneer_msgs/test_results/pioneer_msgs/cppcheck_rosidl_typesupport_introspection_c.xunit.xml" "--package-name" "pioneer_msgs" "--output-file" "/src/ros2_ws/build/pioneer_msgs/ament_cppcheck/cppcheck_rosidl_typesupport_introspection_c.txt" "--command" "/opt/ros/humble/bin/ament_cppcheck" "--xunit-file" "/src/ros2_ws/build/pioneer_msgs/test_results/pioneer_msgs/cppcheck_rosidl_typesupport_introspection_c.xunit.xml" "/src/ros2_ws/build/pioneer_msgs/rosidl_typesupport_introspection_c/pioneer_msgs"</FullCommandLine>
			<Results>
				<NamedMeasurement type="numeric/double" name="Execution Time">
					<Value>3.92118</Value>
				</NamedMeasurement>
				<NamedMeasurement type="numeric/double" name="Processors">
					<Value>1</Value>
				</NamedMeasurement>
				<NamedMeasurement type="text/string" name="Completion Status">
					<Value>Completed</Value>
				</NamedMeasurement>
				<NamedMeasurement type="text/string" name="Command Line">
					<Value>/usr/bin/python3.10 "-u" "/opt/ros/humble/share/ament_cmake_test/cmake/run_test.py" "/src/ros2_ws/build/pioneer_msgs/test_results/pioneer_msgs/cppcheck_rosidl_typesupport_introspection_c.xunit.xml" "--package-name" "pioneer_msgs" "--output-file" "/src/ros2_ws/build/pioneer_msgs/ament_cppcheck/cppcheck_rosidl_typesupport_introspection_c.txt" "--command" "/opt/ros/humble/bin/ament_cppcheck" "--xunit-file" "/src/ros2_ws/build/pioneer_msgs/test_results/pioneer_msgs/cppcheck_rosidl_typesupport_introspection_c.xunit.xml" "/src/ros2_ws/build/pioneer_msgs/rosidl_typesupport_introspection_c/pioneer_msgs"</Value>
				</NamedMeasurement>
				<NamedMeasurement type="text/string" name="Environment">
					<Value>#CTEST_RESOURCE_GROUP_COUNT=</Value>
				</NamedMeasurement>
				<Measurement>
					<Value>-- run_test.py: invoking following command in '/src/ros2_ws/src/pioneer_msgs':
 - /opt/ros/humble/bin/ament_cppcheck --xunit-file /src/ros2_ws/build/pioneer_msgs/test_results/pioneer_msgs/cppcheck_rosidl_typesupport_introspection_c.xunit.xml /src/ros2_ws/build/pioneer_msgs/rosidl_typesupport_introspection_c/pioneer_msgs
cppcheck 2.7 has known performance issues and therefore will not be used, set the AMENT_CPPCHECK_ALLOW_SLOW_VERSIONS environment variable to override this.
-- run_test.py: return code 0
-- run_test.py: verify result file '/src/ros2_ws/build/pioneer_msgs/test_results/pioneer_msgs/cppcheck_rosidl_typesupport_introspection_c.xunit.xml'
</Value>
				</Measurement>
			</Results>
			<Labels>
				<Label>cppcheck</Label>
				<Label>linter</Label>
			</Labels>
		</Test>
		<Test Status="passed">
			<Name>cpplint_rosidl_typesupport_introspection_c</Name>
			<Path>.</Path>
			<FullName>./cpplint_rosidl_typesupport_introspection_c</FullName>
			<FullCommandLine>/usr/bin/python3.10 "-u" "/opt/ros/humble/share/ament_cmake_test/cmake/run_test.py" "/src/ros2_ws/build/pioneer_msgs/test_results/pioneer_msgs/cpplint_rosidl_typesupport_introspection_c.xunit.xml" "--package-name" "pioneer_msgs" "--output-file" "/src/ros2_ws/build/pioneer_msgs/ament_cpplint/cpplint_rosidl_typesupport_introspection_c.txt" "--command" "/opt/ros/humble/bin/ament_cpplint" "--xunit-file" "/src/ros2_ws/build/pioneer_msgs/test_results/pioneer_msgs/cpplint_rosidl_typesupport_introspection_c.xunit.xml" "--linelength" "999" "--root" "/src/ros2_ws/build/pioneer_msgs/rosidl_typesupport_introspection_c" "/src/ros2_ws/build/pioneer_msgs/rosidl_typesupport_introspection_c/pioneer_msgs"</FullCommandLine>
			<Results>
				<NamedMeasurement type="numeric/double" name="Execution Time">
					<Value>17.881</Value>
				</NamedMeasurement>
				<NamedMeasurement type="numeric/double" name="Processors">
					<Value>1</Value>
				</NamedMeasurement>
				<NamedMeasurement type="text/string" name="Completion Status">
					<Value>Completed</Value>
				</NamedMeasurement>
				<NamedMeasurement type="text/string" name="Command Line">
					<Value>/usr/bin/python3.10 "-u" "/opt/ros/humble/share/ament_cmake_test/cmake/run_test.py" "/src/ros2_ws/build/pioneer_msgs/test_results/pioneer_msgs/cpplint_rosidl_typesupport_introspection_c.xunit.xml" "--package-name" "pioneer_msgs" "--output-file" "/src/ros2_ws/build/pioneer_msgs/ament_cpplint/cpplint_rosidl_typesupport_introspection_c.txt" "--command" "/opt/ros/humble/bin/ament_cpplint" "--xunit-file" "/src/ros2_ws/build/pioneer_msgs/test_results/pioneer_msgs/cpplint_rosidl_typesupport_introspection_c.xunit.xml" "--linelength" "999" "--root" "/src/ros2_ws/build/pioneer_msgs/rosidl_typesupport_introspection_c" "/src/ros2_ws/build/pioneer_msgs/rosidl_typesupport_introspection_c/pioneer_msgs"</Value>
				</NamedMeasurement>
				<NamedMeasurement type="text/string" name="Environment">
					<Value>#CTEST_RESOURCE_GROUP_COUNT=</Value>
				</NamedMeasurement>
				<Measurement>
					<Value>-- run_test.py: invoking following command in '/src/ros2_ws/src/pioneer_msgs':
 - /opt/ros/humble/bin/ament_cpplint --xunit-file /src/ros2_ws/build/pioneer_msgs/test_results/pioneer_msgs/cpplint_rosidl_typesupport_introspection_c.xunit.xml --linelength 999 --root /src/ros2_ws/build/pioneer_msgs/rosidl_typesupport_introspection_c /src/ros2_ws/build/pioneer_msgs/rosidl_typesupport_introspection_c/pioneer_msgs
Using '--root=/src/ros2_ws/build/pioneer_msgs/rosidl_typesupport_introspection_c' argument

Done processing /src/ros2_ws/build/pioneer_msgs/rosidl_typesupport_introspection_c/pioneer_msgs/msg/detail/motion_command__rosidl_typesupport_introspection_c.h

Done processing /src/ros2_ws/build/pioneer_msgs/rosidl_typesupport_introspection_c/pioneer_msgs/msg/detail/motion_command__type_support.c

Done processing /src/ros2_ws/build/pioneer_msgs/rosidl_typesupport_introspection_c/pioneer_msgs/msg/detail/status__rosidl_typesupport_introspection_c.h

Done processing /src/ros2_ws/build/pioneer_msgs/rosidl_typesupport_introspection_c/pioneer_msgs/msg/detail/status__type_support.c

Done processing /src/ros2_ws/build/pioneer_msgs/rosidl_typesupport_introspection_c/pioneer_msgs/msg/rosidl_typesupport_introspection_c__visibility_control.h

No problems found
-- run_test.py: return code 0
-- run_test.py: verify result file '/src/ros2_ws/build/pioneer_msgs/test_results/pioneer_msgs/cpplint_rosidl_typesupport_introspection_c.xunit.xml'
</Value>
				</Measurement>
			</Results>
			<Labels>
				<Label>cpplint</Label>
				<Label>linter</Label>
			</Labels>
		</Test>
		<Test Status="passed">
			<Name>uncrustify_rosidl_typesupport_introspection_c</Name>
			<Path>.</Path>
			<FullName>./uncrustify_rosidl_typesupport_introspection_c</FullName>
			<FullCommandLine>/usr/bin/python3.10 "-u" "/opt/ros/humble/share/ament_cmake_test/cmake/run_test.py" "/src/ros2_ws/build/pioneer_msgs/test_results/pioneer_msgs/uncrustify_rosidl_typesupport_introspection_c.xunit.xml" "--package-name" "pioneer_msgs" "--output-file" "/src/ros2_ws/build/pioneer_msgs/ament_uncrustify/uncrustify_rosidl_typesupport_introspection_c.txt" "--command" "/opt/ros/humble/bin/ament_uncrustify" "--xunit-file" "/src/ros2_ws/build/pioneer_msgs/test_results/pioneer_msgs/uncrustify_rosidl_typesupport_introspection_c.xunit.xml" "--linelength" "0" "/src/ros2_ws/build/pioneer_msgs/rosidl_typesupport_introspection_c/pioneer_msgs"</FullCommandLine>
			<Results>
				<NamedMeasurement type="numeric/double" name="Execution Time">
					<Value>4.13097</Value>
				</NamedMeasurement>
				<NamedMeasurement type="numeric/double" name="Processors">
					<Value>1</Value>
				</NamedMeasurement>
				<NamedMeasurement type="text/string" name="Completion Status">
					<Value>Completed</Value>
				</NamedMeasurement>
				<NamedMeasurement type="text/string" name="Command Line">
					<Value>/usr/bin/python3.10 "-u" "/opt/ros/humble/share/ament_cmake_test/cmake/run_test.py" "/src/ros2_ws/build/pioneer_msgs/test_results/pioneer_msgs/uncrustify_rosidl_typesupport_introspection_c.xunit.xml" "--package-name" "pioneer_msgs" "--output-file" "/src/ros2_ws/build/pioneer_msgs/ament_uncrustify/uncrustify_rosidl_typesupport_introspection_c.txt" "--command" "/opt/ros/humble/bin/ament_uncrustify" "--xunit-file" "/src/ros2_ws/build/pioneer_msgs/test_results/pioneer_msgs/uncrustify_rosidl_typesupport_introspection_c.xunit.xml" "--linelength" "0" "/src/ros2_ws/build/pioneer_msgs/rosidl_typesupport_introspection_c/pioneer_msgs"</Value>
				</NamedMeasurement>
				<NamedMeasurement type="text/string" name="Environment">
					<Value>#CTEST_RESOURCE_GROUP_COUNT=</Value>
				</NamedMeasurement>
				<Measurement>
					<Value>-- run_test.py: invoking following command in '/src/ros2_ws/src/pioneer_msgs':
 - /opt/ros/humble/bin/ament_uncrustify --xunit-file /src/ros2_ws/build/pioneer_msgs/test_results/pioneer_msgs/uncrustify_rosidl_typesupport_introspection_c.xunit.xml --linelength 0 /src/ros2_ws/build/pioneer_msgs/rosidl_typesupport_introspection_c/pioneer_msgs
No code style divergence in file '/src/ros2_ws/build/pioneer_msgs/rosidl_typesupport_introspection_c/pioneer_msgs/msg/detail/motion_command__rosidl_typesupport_introspection_c.h'

No code style divergence in file '/src/ros2_ws/build/pioneer_msgs/rosidl_typesupport_introspection_c/pioneer_msgs/msg/detail/motion_command__type_support.c'

No code style divergence in file '/src/ros2_ws/build/pioneer_msgs/rosidl_typesupport_introspection_c/pioneer_msgs/msg/detail/status__rosidl_typesupport_introspection_c.h'

No code style divergence in file '/src/ros2_ws/build/pioneer_msgs/rosidl_typesupport_introspection_c/pioneer_msgs/msg/detail/status__type_support.c'

No code style divergence in file '/src/ros2_ws/build/pioneer_msgs/rosidl_typesupport_introspection_c/pioneer_msgs/msg/rosidl_typesupport_introspection_c__visibility_control.h'

No problems found
-- run_test.py: return code 0
-- run_test.py: verify result file '/src/ros2_ws/build/pioneer_msgs/test_results/pioneer_msgs/uncrustify_rosidl_typesupport_introspection_c.xunit.xml'
</Value>
				</Measurement>
			</Results>
			<Labels>
				<Label>linter</Label>
				<Label>uncrustify</Label>
			</Labels>
		</Test>
		<Test Status="passed">
			<Name>cppcheck_rosidl_typesupport_c</Name>
			<Path>.</Path>
			<FullName>./cppcheck_rosidl_typesupport_c</FullName>
			<FullCommandLine>/usr/bin/python3.10 "-u" "/opt/ros/humble/share/ament_cmake_test/cmake/run_test.py" "/src/ros2_ws/build/pioneer_msgs/test_results/pioneer_msgs/cppcheck_rosidl_typesupport_c.xunit.xml" "--package-name" "pioneer_msgs" "--output-file" "/src/ros2_ws/build/pioneer_msgs/ament_cppcheck/cppcheck_rosidl_typesupport_c.txt" "--command" "/opt/ros/humble/bin/ament_cppcheck" "--xunit-file" "/src/ros2_ws/build/pioneer_msgs/test_results/pioneer_msgs/cppcheck_rosidl_typesupport_c.xunit.xml" "/src/ros2_ws/build/pioneer_msgs/rosidl_typesupport_c/pioneer_msgs"</FullCommandLine>
			<Results>
				<NamedMeasurement type="numeric/double" name="Execution Time">
					<Value>4.17634</Value>
				</NamedMeasurement>
				<NamedMeasurement type="numeric/double" name="Processors">
					<Value>1</Value>
				</NamedMeasurement>
				<NamedMeasurement type="text/string" name="Completion Status">
					<Value>Completed</Value>
				</NamedMeasurement>
				<NamedMeasurement type="text/string" name="Command Line">
					<Value>/usr/bin/python3.10 "-u" "/opt/ros/humble/share/ament_cmake_test/cmake/run_test.py" "/src/ros2_ws/build/pioneer_msgs/test_results/pioneer_msgs/cppcheck_rosidl_typesupport_c.xunit.xml" "--package-name" "pioneer_msgs" "--output-file" "/src/ros2_ws/build/pioneer_msgs/ament_cppcheck/cppcheck_rosidl_typesupport_c.txt" "--command" "/opt/ros/humble/bin/ament_cppcheck" "--xunit-file" "/src/ros2_ws/build/pioneer_msgs/test_results/pioneer_msgs/cppcheck_rosidl_typesupport_c.xunit.xml" "/src/ros2_ws/build/pioneer_msgs/rosidl_typesupport_c/pioneer_msgs"</Value>
				</NamedMeasurement>
				<NamedMeasurement type="text/string" name="Environment">
					<Value>#CTEST_RESOURCE_GROUP_COUNT=</Value>
				</NamedMeasurement>
				<Measurement>
					<Value>-- run_test.py: invoking following command in '/src/ros2_ws/src/pioneer_msgs':
 - /opt/ros/humble/bin/ament_cppcheck --xunit-file /src/ros2_ws/build/pioneer_msgs/test_results/pioneer_msgs/cppcheck_rosidl_typesupport_c.xunit.xml /src/ros2_ws/build/pioneer_msgs/rosidl_typesupport_c/pioneer_msgs
cppcheck 2.7 has known performance issues and therefore will not be used, set the AMENT_CPPCHECK_ALLOW_SLOW_VERSIONS environment variable to override this.
-- run_test.py: return code 0
-- run_test.py: verify result file '/src/ros2_ws/build/pioneer_msgs/test_results/pioneer_msgs/cppcheck_rosidl_typesupport_c.xunit.xml'
</Value>
				</Measurement>
			</Results>
			<Labels>
				<Label>cppcheck</Label>
				<Label>linter</Label>
			</Labels>
		</Test>
		<Test Status="passed">
			<Name>cpplint_rosidl_typesupport_c</Name>
			<Path>.</Path>
			<FullName>./cpplint_rosidl_typesupport_c</FullName>
			<FullCommandLine>/usr/bin/python3.10 "-u" "/opt/ros/humble/share/ament_cmake_test/cmake/run_test.py" "/src/ros2_ws/build/pioneer_msgs/test_results/pioneer_msgs/cpplint_rosidl_typesupport_c.xunit.xml" "--package-name" "pioneer_msgs" "--output-file" "/src/ros2_ws/build/pioneer_msgs/ament_cpplint/cpplint_rosidl_typesupport_c.txt" "--command" "/opt/ros/humble/bin/ament_cpplint" "--xunit-file" "/src/ros2_ws/build/pioneer_msgs/test_results/pioneer_msgs/cpplint_rosidl_typesupport_c.xunit.xml" "--linelength" "999" "--root" "/src/ros2_ws/build/pioneer_msgs/rosidl_typesupport_c" "/src/ros2_ws/build/pioneer_msgs/rosidl_typesupport_c/pioneer_msgs"</FullCommandLine>
			<Results>
				<NamedMeasurement type="numeric/double" name="Execution Time">
					<Value>8.19629</Value>
				</NamedMeasurement>
				<NamedMeasurement type="numeric/double" name="Processors">
					<Value>1</Value>
				</NamedMeasurement>
				<NamedMeasurement type="text/string" name="Completion Status">
					<Value>Completed</Value>
				</NamedMeasurement>
				<NamedMeasurement type="text/string" name="Command Line">
					<Value>/usr/bin/python3.10 "-u" "/opt/ros/humble/share/ament_cmake_test/cmake/run_test.py" "/src/ros2_ws/build/pioneer_msgs/test_results/pioneer_msgs/cpplint_rosidl_typesupport_c.xunit.xml" "--package-name" "pioneer_msgs" "--output-file" "/src/ros2_ws/build/pioneer_msgs/ament_cpplint/cpplint_rosidl_typesupport_c.txt" "--command" "/opt/ros/humble/bin/ament_cpplint" "--xunit-file" "/src/ros2_ws/build/pioneer_msgs/test_results/pioneer_msgs/cpplint_rosidl_typesupport_c.xunit.xml" "--linelength" "999" "--root" "/src/ros2_ws/build/pioneer_msgs/rosidl_typesupport_c" "/src/ros2_ws/build/pioneer_msgs/rosidl_typesupport_c/pioneer_msgs"</Value>
				</NamedMeasurement>
				<NamedMeasurement type="text/string" name="Environment">
					<Value>#CTEST_RESOURCE_GROUP_COUNT=</Value>
				</NamedMeasurement>
				<Measurement>
					<Value>-- run_test.py: invoking following command in '/src/ros2_ws/src/pioneer_msgs':
 - /opt/ros/humble/bin/ament_cpplint --xunit-file /src/ros2_ws/build/pioneer_msgs/test_results/pioneer_msgs/cpplint_rosidl_typesupport_c.xunit.xml --linelength 999 --root /src/ros2_ws/build/pioneer_msgs/rosidl_typesupport_c /src/ros2_ws/build/pioneer_msgs/rosidl_typesupport_c/pioneer_msgs
Using '--root=/src/ros2_ws/build/pioneer_msgs/rosidl_typesupport_c' argument

Done processing /src/ros2_ws/build/pioneer_msgs/rosidl_typesupport_c/pioneer_msgs/msg/motion_command__type_support.cpp

Done processing /src/ros2_ws/build/pioneer_msgs/rosidl_typesupport_c/pioneer_msgs/msg/status__type_support.cpp

No problems found
-- run_test.py: return code 0
-- run_test.py: verify result file '/src/ros2_ws/build/pioneer_msgs/test_results/pioneer_msgs/cpplint_rosidl_typesupport_c.xunit.xml'
</Value>
				</Measurement>
			</Results>
			<Labels>
				<Label>cpplint</Label>
				<Label>linter</Label>
			</Labels>
		</Test>
		<Test Status="passed">
			<Name>uncrustify_rosidl_typesupport_c</Name>
			<Path>.</Path>
			<FullName>./uncrustify_rosidl_typesupport_c</FullName>
			<FullCommandLine>/usr/bin/python3.10 "-u" "/opt/ros/humble/share/ament_cmake_test/cmake/run_test.py" "/src/ros2_ws/build/pioneer_msgs/test_results/pioneer_msgs/uncrustify_rosidl_typesupport_c.xunit.xml" "--package-name" "pioneer_msgs" "--output-file" "/src/ros2_ws/build/pioneer_msgs/ament_uncrustify/uncrustify_rosidl_typesupport_c.txt" "--command" "/opt/ros/humble/bin/ament_uncrustify" "--xunit-file" "/src/ros2_ws/build/pioneer_msgs/test_results/pioneer_msgs/uncrustify_rosidl_typesupport_c.xunit.xml" "--linelength" "0" "/src/ros2_ws/build/pioneer_msgs/rosidl_typesupport_c/pioneer_msgs"</FullCommandLine>
			<Results>
				<NamedMeasurement type="numeric/double" name="Execution Time">
					<Value>3.99423</Value>
				</NamedMeasurement>
				<NamedMeasurement type="numeric/double" name="Processors">
					<Value>1</Value>
				</NamedMeasurement>
				<NamedMeasurement type="text/string" name="Completion Status">
					<Value>Completed</Value>
				</NamedMeasurement>
				<NamedMeasurement type="text/string" name="Command Line">
					<Value>/usr/bin/python3.10 "-u" "/opt/ros/humble/share/ament_cmake_test/cmake/run_test.py" "/src/ros2_ws/build/pioneer_msgs/test_results/pioneer_msgs/uncrustify_rosidl_typesupport_c.xunit.xml" "--package-name" "pioneer_msgs" "--output-file" "/src/ros2_ws/build/pioneer_msgs/ament_uncrustify/uncrustify_rosidl_typesupport_c.txt" "--command" "/opt/ros/humble/bin/ament_uncrustify" "--xunit-file" "/src/ros2_ws/build/pioneer_msgs/test_results/pioneer_msgs/uncrustify_rosidl_typesupport_c.xunit.xml" "--linelength" "0" "/src/ros2_ws/build/pioneer_msgs/rosidl_typesupport_c/pioneer_msgs"</Value>
				</NamedMeasurement>
				<NamedMeasurement type="text/string" name="Environment">
					<Value>#CTEST_RESOURCE_GROUP_COUNT=</Value>
				</NamedMeasurement>
				<Measurement>
					<Value>-- run_test.py: invoking following command in '/src/ros2_ws/src/pioneer_msgs':
 - /opt/ros/humble/bin/ament_uncrustify --xunit-file /src/ros2_ws/build/pioneer_msgs/test_results/pioneer_msgs/uncrustify_rosidl_typesupport_c.xunit.xml --linelength 0 /src/ros2_ws/build/pioneer_msgs/rosidl_typesupport_c/pioneer_msgs
No code style divergence in file '/src/ros2_ws/build/pioneer_msgs/rosidl_typesupport_c/pioneer_msgs/msg/motion_command__type_support.cpp'

No code style divergence in file '/src/ros2_ws/build/pioneer_msgs/rosidl_typesupport_c/pioneer_msgs/msg/status__type_support.cpp'

No problems found
-- run_test.py: return code 0
-- run_test.py: verify result file '/src/ros2_ws/build/pioneer_msgs/test_results/pioneer_msgs/uncrustify_rosidl_typesupport_c.xunit.xml'
</Value>
				</Measurement>
			</Results>
			<Labels>
				<Label>linter</Label>
				<Label>uncrustify</Label>
			</Labels>
		</Test>
		<Test Status="passed">
			<Name>cppcheck_rosidl_generated_cpp</Name>
			<Path>.</Path>
			<FullName>./cppcheck_rosidl_generated_cpp</FullName>
			<FullCommandLine>/usr/bin/python3.10 "-u" "/opt/ros/humble/share/ament_cmake_test/cmake/run_test.py" "/src/ros2_ws/build/pioneer_msgs/test_results/pioneer_msgs/cppcheck_rosidl_generated_cpp.xunit.xml" "--package-name" "pioneer_msgs" "--output-file" "/src/ros2_ws/build/pioneer_msgs/ament_cppcheck/cppcheck_rosidl_generated_cpp.txt" "--command" "/opt/ros/humble/bin/ament_cppcheck" "--xunit-file" "/src/ros2_ws/build/pioneer_msgs/test_results/pioneer_msgs/cppcheck_rosidl_generated_cpp.xunit.xml" "/src/ros2_ws/build/pioneer_msgs/rosidl_generator_cpp/pioneer_msgs"</FullCommandLine>
			<Results>
				<NamedMeasurement type="numeric/double" name="Execution Time">
					<Value>3.95616</Value>
				</NamedMeasurement>
				<NamedMeasurement type="numeric/double" name="Processors">
					<Value>1</Value>
				</NamedMeasurement>
				<NamedMeasurement type="text/string" name="Completion Status">
					<Value>Completed</Value>
				</NamedMeasurement>
				<NamedMeasurement type="text/string" name="Command Line">
					<Value>/usr/bin/python3.10 "-u" "/opt/ros/humble/share/ament_cmake_test/cmake/run_test.py" "/src/ros2_ws/build/pioneer_msgs/test_results/pioneer_msgs/cppcheck_rosidl_generated_cpp.xunit.xml" "--package-name" "pioneer_msgs" "--output-file" "/src/ros2_ws/build/pioneer_msgs/ament_cppcheck/cppcheck_rosidl_generated_cpp.txt" "--command" "/opt/ros/humble/bin/ament_cppcheck" "--xunit-file" "/src/ros2_ws/build/pioneer_msgs/test_results/pioneer_msgs/cppcheck_rosidl_generated_cpp.xunit.xml" "/src/ros2_ws/build/pioneer_msgs/rosidl_generator_cpp/pioneer_msgs"</Value>
				</NamedMeasurement>
				<NamedMeasurement type="text/string" name="Environment">
					<Value>#CTEST_RESOURCE_GROUP_COUNT=</Value>
				</NamedMeasurement>
				<Measurement>
					<Value>-- run_test.py: invoking following command in '/src/ros2_ws/src/pioneer_msgs':
 - /opt/ros/humble/bin/ament_cppcheck --xunit-file /src/ros2_ws/build/pioneer_msgs/test_results/pioneer_msgs/cppcheck_rosidl_generated_cpp.xunit.xml /src/ros2_ws/build/pioneer_msgs/rosidl_generator_cpp/pioneer_msgs
cppcheck 2.7 has known performance issues and therefore will not be used, set the AMENT_CPPCHECK_ALLOW_SLOW_VERSIONS environment variable to override this.
-- run_test.py: return code 0
-- run_test.py: verify result file '/src/ros2_ws/build/pioneer_msgs/test_results/pioneer_msgs/cppcheck_rosidl_generated_cpp.xunit.xml'
</Value>
				</Measurement>
			</Results>
			<Labels>
				<Label>cppcheck</Label>
				<Label>linter</Label>
			</Labels>
		</Test>
		<Test Status="passed">
			<Name>cpplint_rosidl_generated_cpp</Name>
			<Path>.</Path>
			<FullName>./cpplint_rosidl_generated_cpp</FullName>
			<FullCommandLine>/usr/bin/python3.10 "-u" "/opt/ros/humble/share/ament_cmake_test/cmake/run_test.py" "/src/ros2_ws/build/pioneer_msgs/test_results/pioneer_msgs/cpplint_rosidl_generated_cpp.xunit.xml" "--package-name" "pioneer_msgs" "--output-file" "/src/ros2_ws/build/pioneer_msgs/ament_cpplint/cpplint_rosidl_generated_cpp.txt" "--command" "/opt/ros/humble/bin/ament_cpplint" "--xunit-file" "/src/ros2_ws/build/pioneer_msgs/test_results/pioneer_msgs/cpplint_rosidl_generated_cpp.xunit.xml" "--linelength" "999" "--root" "/src/ros2_ws/build/pioneer_msgs/rosidl_generator_cpp" "/src/ros2_ws/build/pioneer_msgs/rosidl_generator_cpp/pioneer_msgs"</FullCommandLine>
			<Results>
				<NamedMeasurement type="numeric/double" name="Execution Time">
					<Value>52.2955</Value>
				</NamedMeasurement>
				<NamedMeasurement type="numeric/double" name="Processors">
					<Value>1</Value>
				</NamedMeasurement>
				<NamedMeasurement type="text/string" name="Completion Status">
					<Value>Completed</Value>
				</NamedMeasurement>
				<NamedMeasurement type="text/string" name="Command Line">
					<Value>/usr/bin/python3.10 "-u" "/opt/ros/humble/share/ament_cmake_test/cmake/run_test.py" "/src/ros2_ws/build/pioneer_msgs/test_results/pioneer_msgs/cpplint_rosidl_generated_cpp.xunit.xml" "--package-name" "pioneer_msgs" "--output-file" "/src/ros2_ws/build/pioneer_msgs/ament_cpplint/cpplint_rosidl_generated_cpp.txt" "--command" "/opt/ros/humble/bin/ament_cpplint" "--xunit-file" "/src/ros2_ws/build/pioneer_msgs/test_results/pioneer_msgs/cpplint_rosidl_generated_cpp.xunit.xml" "--linelength" "999" "--root" "/src/ros2_ws/build/pioneer_msgs/rosidl_generator_cpp" "/src/ros2_ws/build/pioneer_msgs/rosidl_generator_cpp/pioneer_msgs"</Value>
				</NamedMeasurement>
				<NamedMeasurement type="text/string" name="Environment">
					<Value>#CTEST_RESOURCE_GROUP_COUNT=</Value>
				</NamedMeasurement>
				<Measurement>
					<Value>-- run_test.py: invoking following command in '/src/ros2_ws/src/pioneer_msgs':
 - /opt/ros/humble/bin/ament_cpplint --xunit-file /src/ros2_ws/build/pioneer_msgs/test_results/pioneer_msgs/cpplint_rosidl_generated_cpp.xunit.xml --linelength 999 --root /src/ros2_ws/build/pioneer_msgs/rosidl_generator_cpp /src/ros2_ws/build/pioneer_msgs/rosidl_generator_cpp/pioneer_msgs
Using '--root=/src/ros2_ws/build/pioneer_msgs/rosidl_generator_cpp' argument

Done processing /src/ros2_ws/build/pioneer_msgs/rosidl_generator_cpp/pioneer_msgs/msg/detail/motion_command__builder.hpp

Done processing /src/ros2_ws/build/pioneer_msgs/rosidl_generator_cpp/pioneer_msgs/msg/detail/motion_command__struct.hpp

Done processing /src/ros2_ws/build/pioneer_msgs/rosidl_generator_cpp/pioneer_msgs/msg/detail/motion_command__traits.hpp

Done processing /src/ros2_ws/build/pioneer_msgs/rosidl_generator_cpp/pioneer_msgs/msg/detail/status__builder.hpp

Done processing /src/ros2_ws/build/pioneer_msgs/rosidl_generator_cpp/pioneer_msgs/msg/detail/status__struct.hpp

Done processing /src/ros2_ws/build/pioneer_msgs/rosidl_generator_cpp/pioneer_msgs/msg/detail/status__traits.hpp

Done processing /src/ros2_ws/build/pioneer_msgs/rosidl_generator_cpp/pioneer_msgs/msg/motion_command.hpp

Done processing /src/ros2_ws/build/pioneer_msgs/rosidl_generator_cpp/pioneer_msgs/msg/status.hpp

No problems found
-- run_test.py: return code 0
-- run_test.py: verify result file '/src/ros2_ws/build/pioneer_msgs/test_results/pioneer_msgs/cpplint_rosidl_generated_cpp.xunit.xml'
</Value>
				</Measurement>
			</Results>
			<Labels>
				<Label>cpplint</Label>
				<Label>linter</Label>
			</Labels>
		</Test>
		<Test Status="passed">
			<Name>uncrustify_rosidl_generated_cpp</Name>
			<Path>.</Path>
			<FullName>./uncrustify_rosidl_generated_cpp</FullName>
			<FullCommandLine>/usr/bin/python3.10 "-u" "/opt/ros/humble/share/ament_cmake_test/cmake/run_test.py" "/src/ros2_ws/build/pioneer_msgs/test_results/pioneer_msgs/uncrustify_rosidl_generated_cpp.xunit.xml" "--package-name" "pioneer_msgs" "--output-file" "/src/ros2_ws/build/pioneer_msgs/ament_uncrustify/uncrustify_rosidl_generated_cpp.txt" "--command" "/opt/ros/humble/bin/ament_uncrustify" "--xunit-file" "/src/ros2_ws/build/pioneer_msgs/test_results/pioneer_msgs/uncrustify_rosidl_generated_cpp.xunit.xml" "--linelength" "0" "/src/ros2_ws/build/pioneer_msgs/rosidl_generator_cpp/pioneer_msgs"</FullCommandLine>
			<Results>
				<NamedMeasurement type="numeric/double" name="Execution Time">
					<Value>4.21091</Value>
				</NamedMeasurement>
				<NamedMeasurement type="numeric/double" name="Processors">
					<Value>1</Value>
				</NamedMeasurement>
				<NamedMeasurement type="text/string" name="Completion Status">
					<Value>Completed</Value>
				</NamedMeasurement>
				<NamedMeasurement type="text/string" name="Command Line">
					<Value>/usr/bin/python3.10 "-u" "/opt/ros/humble/share/ament_cmake_test/cmake/run_test.py" "/src/ros2_ws/build/pioneer_msgs/test_results/pioneer_msgs/uncrustify_rosidl_generated_cpp.xunit.xml" "--package-name" "pioneer_msgs" "--output-file" "/src/ros2_ws/build/pioneer_msgs/ament_uncrustify/uncrustify_rosidl_generated_cpp.txt" "--command" "/opt/ros/humble/bin/ament_uncrustify" "--xunit-file" "/src/ros2_ws/build/pioneer_msgs/test_results/pioneer_msgs/uncrustify_rosidl_generated_cpp.xunit.xml" "--linelength" "0" "/src/ros2_ws/build/pioneer_msgs/rosidl_generator_cpp/pioneer_msgs"</Value>
				</NamedMeasurement>
				<NamedMeasurement type="text/string" name="Environment">
					<Value>#CTEST_RESOURCE_GROUP_COUNT=</Value>
				</NamedMeasurement>
				<Measurement>
					<Value>-- run_test.py: invoking following command in '/src/ros2_ws/src/pioneer_msgs':
 - /opt/ros/humble/bin/ament_uncrustify --xunit-file /src/ros2_ws/build/pioneer_msgs/test_results/pioneer_msgs/uncrustify_rosidl_generated_cpp.xunit.xml --linelength 0 /src/ros2_ws/build/pioneer_msgs/rosidl_generator_cpp/pioneer_msgs
No code style divergence in file '/src/ros2_ws/build/pioneer_msgs/rosidl_generator_cpp/pioneer_msgs/msg/detail/motion_command__builder.hpp'

No code style divergence in file '/src/ros2_ws/build/pioneer_msgs/rosidl_generator_cpp/pioneer_msgs/msg/detail/motion_command__struct.hpp'

No code style divergence in file '/src/ros2_ws/build/pioneer_msgs/rosidl_generator_cpp/pioneer_msgs/msg/detail/motion_command__traits.hpp'

No code style divergence in file '/src/ros2_ws/build/pioneer_msgs/rosidl_generator_cpp/pioneer_msgs/msg/detail/status__builder.hpp'

No code style divergence in file '/src/ros2_ws/build/pioneer_msgs/rosidl_generator_cpp/pioneer_msgs/msg/detail/status__struct.hpp'

No code style divergence in file '/src/ros2_ws/build/pioneer_msgs/rosidl_generator_cpp/pioneer_msgs/msg/detail/status__traits.hpp'

No code style divergence in file '/src/ros2_ws/build/pioneer_msgs/rosidl_generator_cpp/pioneer_msgs/msg/motion_command.hpp'

No code style divergence in file '/src/ros2_ws/build/pioneer_msgs/rosidl_generator_cpp/pioneer_msgs/msg/status.hpp'

No problems found
-- run_test.py: return code 0
-- run_test.py: verify result file '/src/ros2_ws/build/pioneer_msgs/test_results/pioneer_msgs/uncrustify_rosidl_generated_cpp.xunit.xml'
</Value>
				</Measurement>
			</Results>
			<Labels>
				<Label>linter</Label>
				<Label>uncrustify</Label>
			</Labels>
		</Test>
		<Test Status="passed">
			<Name>cppcheck_rosidl_typesupport_fastrtps_cpp</Name>
			<Path>.</Path>
			<FullName>./cppcheck_rosidl_typesupport_fastrtps_cpp</FullName>
			<FullCommandLine>/usr/bin/python3.10 "-u" "/opt/ros/humble/share/ament_cmake_test/cmake/run_test.py" "/src/ros2_ws/build/pioneer_msgs/test_results/pioneer_msgs/cppcheck_rosidl_typesupport_fastrtps_cpp.xunit.xml" "--package-name" "pioneer_msgs" "--output-file" "/src/ros2_ws/build/pioneer_msgs/ament_cppcheck/cppcheck_rosidl_typesupport_fastrtps_cpp.txt" "--command" "/opt/ros/humble/bin/ament_cppcheck" "--xunit-file" "/src/ros2_ws/build/pioneer_msgs/test_results/pioneer_msgs/cppcheck_rosidl_typesupport_fastrtps_cpp.xunit.xml" "/src/ros2_ws/build/pioneer_msgs/rosidl_typesupport_fastrtps_cpp/pioneer_msgs/msg/detail/dds_fastrtps/motion_command__type_support.cpp" "/src/ros2_ws/build/pioneer_msgs/rosidl_typesupport_fastrtps_cpp/pioneer_msgs/msg/detail/motion_command__rosidl_typesupport_fastrtps_cpp.hpp" "/src/ros2_ws/build/pioneer_msgs/rosidl_typesupport_fastrtps_cpp/pioneer_msgs/msg/detail/dds_fastrtps/status__type_support.cpp" "/src/ros2_ws/build/pioneer_msgs/rosidl_typesupport_fastrtps_cpp/pioneer_msgs/msg/detail/status__rosidl_typesupport_fastrtps_cpp.hpp"</FullCommandLine>
			<Results>
				<NamedMeasurement type="numeric/double" name="Execution Time">
					<Value>3.98242</Value>
				</NamedMeasurement>
				<NamedMeasurement type="numeric/double" name="Processors">
					<Value>1</Value>
				</NamedMeasurement>
				<NamedMeasurement type="text/string" name="Completion Status">
					<Value>Completed</Value>
				</NamedMeasurement>
				<NamedMeasurement type="text/string" name="Command Line">
					<Value>/usr/bin/python3.10 "-u" "/opt/ros/humble/share/ament_cmake_test/cmake/run_test.py" "/src/ros2_ws/build/pioneer_msgs/test_results/pioneer_msgs/cppcheck_rosidl_typesupport_fastrtps_cpp.xunit.xml" "--package-name" "pioneer_msgs" "--output-file" "/src/ros2_ws/build/pioneer_msgs/ament_cppcheck/cppcheck_rosidl_typesupport_fastrtps_cpp.txt" "--command" "/opt/ros/humble/bin/ament_cppcheck" "--xunit-file" "/src/ros2_ws/build/pioneer_msgs/test_results/pioneer_msgs/cppcheck_rosidl_typesupport_fastrtps_cpp.xunit.xml" "/src/ros2_ws/build/pioneer_msgs/rosidl_typesupport_fastrtps_cpp/pioneer_msgs/msg/detail/dds_fastrtps/motion_command__type_support.cpp" "/src/ros2_ws/build/pioneer_msgs/rosidl_typesupport_fastrtps_cpp/pioneer_msgs/msg/detail/motion_command__rosidl_typesupport_fastrtps_cpp.hpp" "/src/ros2_ws/build/pioneer_msgs/rosidl_typesupport_fastrtps_cpp/pioneer_msgs/msg/detail/dds_fastrtps/status__type_support.cpp" "/src/ros2_ws/build/pioneer_msgs/rosidl_typesupport_fastrtps_cpp/pioneer_msgs/msg/detail/status__rosidl_typesupport_fastrtps_cpp.hpp"</Value>
				</NamedMeasurement>
				<NamedMeasurement type="text/string" name="Environment">
					<Value>#CTEST_RESOURCE_GROUP_COUNT=</Value>
				</NamedMeasurement>
				<Measurement>
					<Value>-- run_test.py: invoking following command in '/src/ros2_ws/src/pioneer_msgs':
 - /opt/ros/humble/bin/ament_cppcheck --xunit-file /src/ros2_ws/build/pioneer_msgs/test_results/pioneer_msgs/cppcheck_rosidl_typesupport_fastrtps_cpp.xunit.xml /src/ros2_ws/build/pioneer_msgs/rosidl_typesupport_fastrtps_cpp/pioneer_msgs/msg/detail/dds_fastrtps/motion_command__type_support.cpp /src/ros2_ws/build/pioneer_msgs/rosidl_typesupport_fastrtps_cpp/pioneer_msgs/msg/detail/motion_command__rosidl_typesupport_fastrtps_cpp.hpp /src/ros2_ws/build/pioneer_msgs/rosidl_typesupport_fastrtps_cpp/pioneer_msgs/msg/detail/dds_fastrtps/status__type_support.cpp /src/ros2_ws/build/pioneer_msgs/rosidl_typesupport_fastrtps_cpp/pioneer_msgs/msg/detail/status__rosidl_typesupport_fastrtps_cpp.hpp
cppcheck 2.7 has known performance issues and therefore will not be used, set the AMENT_CPPCHECK_ALLOW_SLOW_VERSIONS environment variable to override this.
-- run_test.py: return code 0
-- run_test.py: verify result file '/src/ros2_ws/build/pioneer_msgs/test_results/pioneer_msgs/cppcheck_rosidl_typesupport_fastrtps_cpp.xunit.xml'
</Value>
				</Measurement>
			</Results>
			<Labels>
				<Label>cppcheck</Label>
				<Label>linter</Label>
			</Labels>
		</Test>
		<Test Status="passed">
			<Name>cpplint_rosidl_typesupport_fastrtps_cpp</Name>
			<Path>.</Path>
			<FullName>./cpplint_rosidl_typesupport_fastrtps_cpp</FullName>
			<FullCommandLine>/usr/bin/python3.10 "-u" "/opt/ros/humble/share/ament_cmake_test/cmake/run_test.py" "/src/ros2_ws/build/pioneer_msgs/test_results/pioneer_msgs/cpplint_rosidl_typesupport_fastrtps_cpp.xunit.xml" "--package-name" "pioneer_msgs" "--output-file" "/src/ros2_ws/build/pioneer_msgs/ament_cpplint/cpplint_rosidl_typesupport_fastrtps_cpp.txt" "--command" "/opt/ros/humble/bin/ament_cpplint" "--xunit-file" "/src/ros2_ws/build/pioneer_msgs/test_results/pioneer_msgs/cpplint_rosidl_typesupport_fastrtps_cpp.xunit.xml" "--linelength" "999" "--root" "/src/ros2_ws/build/pioneer_msgs/rosidl_typesupport_fastrtps_cpp" "/src/ros2_ws/build/pioneer_msgs/rosidl_typesupport_fastrtps_cpp/pioneer_msgs/msg/detail/dds_fastrtps/motion_command__type_support.cpp" "/src/ros2_ws/build/pioneer_msgs/rosidl_typesupport_fastrtps_cpp/pioneer_msgs/msg/detail/motion_command__rosidl_typesupport_fastrtps_cpp.hpp" "/src/ros2_ws/build/pioneer_msgs/rosidl_typesupport_fastrtps_cpp/pioneer_msgs/msg/detail/dds_fastrtps/status__type_support.cpp" "/src/ros2_ws/build/pioneer_msgs/rosidl_typesupport_fastrtps_cpp/pioneer_msgs/msg/detail/status__rosidl_typesupport_fastrtps_cpp.hpp"</FullCommandLine>
			<Results>
				<NamedMeasurement type="numeric/double" name="Execution Time">
					<Value>23.2106</Value>
				</NamedMeasurement>
				<NamedMeasurement type="numeric/double" name="Processors">
					<Value>1</Value>
				</NamedMeasurement>
				<NamedMeasurement type="text/string" name="Completion Status">
					<Value>Completed</Value>
				</NamedMeasurement>
				<NamedMeasurement type="text/string" name="Command Line">
					<Value>/usr/bin/python3.10 "-u" "/opt/ros/humble/share/ament_cmake_test/cmake/run_test.py" "/src/ros2_ws/build/pioneer_msgs/test_results/pioneer_msgs/cpplint_rosidl_typesupport_fastrtps_cpp.xunit.xml" "--package-name" "pioneer_msgs" "--output-file" "/src/ros2_ws/build/pioneer_msgs/ament_cpplint/cpplint_rosidl_typesupport_fastrtps_cpp.txt" "--command" "/opt/ros/humble/bin/ament_cpplint" "--xunit-file" "/src/ros2_ws/build/pioneer_msgs/test_results/pioneer_msgs/cpplint_rosidl_typesupport_fastrtps_cpp.xunit.xml" "--linelength" "999" "--root" "/src/ros2_ws/build/pioneer_msgs/rosidl_typesupport_fastrtps_cpp" "/src/ros2_ws/build/pioneer_msgs/rosidl_typesupport_fastrtps_cpp/pioneer_msgs/msg/detail/dds_fastrtps/motion_command__type_support.cpp" "/src/ros2_ws/build/pioneer_msgs/rosidl_typesupport_fastrtps_cpp/pioneer_msgs/msg/detail/motion_command__rosidl_typesupport_fastrtps_cpp.hpp" "/src/ros2_ws/build/pioneer_msgs/rosidl_typesupport_fastrtps_cpp/pioneer_msgs/msg/detail/dds_fastrtps/status__type_support.cpp" "/src/ros2_ws/build/pioneer_msgs/rosidl_typesupport_fastrtps_cpp/pioneer_msgs/msg/detail/status__rosidl_typesupport_fastrtps_cpp.hpp"</Value>
				</NamedMeasurement>
				<NamedMeasurement type="text/string" name="Environment">
					<Value>#CTEST_RESOURCE_GROUP_COUNT=</Value>
				</NamedMeasurement>
				<Measurement>
					<Value>-- run_test.py: invoking following command in '/src/ros2_ws/src/pioneer_msgs':
 - /opt/ros/humble/bin/ament_cpplint --xunit-file /src/ros2_ws/build/pioneer_msgs/test_results/pioneer_msgs/cpplint_rosidl_typesupport_fastrtps_cpp.xunit.xml --linelength 999 --root /src/ros2_ws/build/pioneer_msgs/rosidl_typesupport_fastrtps_cpp /src/ros2_ws/build/pioneer_msgs/rosidl_typesupport_fastrtps_cpp/pioneer_msgs/msg/detail/dds_fastrtps/motion_command__type_support.cpp /src/ros2_ws/build/pioneer_msgs/rosidl_typesupport_fastrtps_cpp/pioneer_msgs/msg/detail/motion_command__rosidl_typesupport_fastrtps_cpp.hpp /src/ros2_ws/build/pioneer_msgs/rosidl_typesupport_fastrtps_cpp/pioneer_msgs/msg/detail/dds_fastrtps/status__type_support.cpp /src/ros2_ws/build/pioneer_msgs/rosidl_typesupport_fastrtps_cpp/pioneer_msgs/msg/detail/status__rosidl_typesupport_fastrtps_cpp.hpp
Using '--root=/src/ros2_ws/build/pioneer_msgs/rosidl_typesupport_fastrtps_cpp' argument

Done processing /src/ros2_ws/build/pioneer_msgs/rosidl_typesupport_fastrtps_cpp/pioneer_msgs/msg/detail/dds_fastrtps/motion_command__type_support.cpp

Done processing /src/ros2_ws/build/pioneer_msgs/rosidl_typesupport_fastrtps_cpp/pioneer_msgs/msg/detail/dds_fastrtps/status__type_support.cpp

Done processing /src/ros2_ws/build/pioneer_msgs/rosidl_typesupport_fastrtps_cpp/pioneer_msgs/msg/detail/motion_command__rosidl_typesupport_fastrtps_cpp.hpp

Done processing /src/ros2_ws/build/pioneer_msgs/rosidl_typesupport_fastrtps_cpp/pioneer_msgs/msg/detail/status__rosidl_typesupport_fastrtps_cpp.hpp

No problems found
-- run_test.py: return code 0
-- run_test.py: verify result file '/src/ros2_ws/build/pioneer_msgs/test_results/pioneer_msgs/cpplint_rosidl_typesupport_fastrtps_cpp.xunit.xml'
</Value>
				</Measurement>
			</Results>
			<Labels>
				<Label>cpplint</Label>
				<Label>linter</Label>
			</Labels>
		</Test>
		<Test Status="passed">
			<Name>uncrustify_rosidl_typesupport_fastrtps_cpp</Name>
			<Path>.</Path>
			<FullName>./uncrustify_rosidl_typesupport_fastrtps_cpp</FullName>
			<FullCommandLine>/usr/bin/python3.10 "-u" "/opt/ros/humble/share/ament_cmake_test/cmake/run_test.py" "/src/ros2_ws/build/pioneer_msgs/test_results/pioneer_msgs/uncrustify_rosidl_typesupport_fastrtps_cpp.xunit.xml" "--package-name" "pioneer_msgs" "--output-file" "/src/ros2_ws/build/pioneer_msgs/ament_uncrustify/uncrustify_rosidl_typesupport_fastrtps_cpp.txt" "--command" "/opt/ros/humble/bin/ament_uncrustify" "--xunit-file" "/src/ros2_ws/build/pioneer_msgs/test_results/pioneer_msgs/uncrustify_rosidl_typesupport_fastrtps_cpp.xunit.xml" "--linelength" "0" "/src/ros2_ws/build/pioneer_msgs/rosidl_typesupport_fastrtps_cpp/pioneer_msgs/msg/detail/dds_fastrtps/motion_command__type_support.cpp" "/src/ros2_ws/build/pioneer_msgs/rosidl_typesupport_fastrtps_cpp/pioneer_msgs/msg/detail/motion_command__rosidl_typesupport_fastrtps_cpp.hpp" "/src/ros2_ws/build/pioneer_msgs/rosidl_typesupport_fastrtps_cpp/pioneer_msgs/msg/detail/dds_fastrtps/status__type_support.cpp" "/src/ros2_ws/build/pioneer_msgs/rosidl_typesupport_fastrtps_cpp/pioneer_msgs/msg/detail/status__rosidl_typesupport_fastrtps_cpp.hpp"</FullCommandLine>
			<Results>
				<NamedMeasurement type="numeric/double" name="Execution Time">
					<Value>3.97235</Value>
				</NamedMeasurement>
				<NamedMeasurement type="numeric/double" name="Processors">
					<Value>1</Value>
				</NamedMeasurement>
				<NamedMeasurement type="text/string" name="Completion Status">
					<Value>Completed</Value>
				</NamedMeasurement>
				<NamedMeasurement type="text/string" name="Command Line">
					<Value>/usr/bin/python3.10 "-u" "/opt/ros/humble/share/ament_cmake_test/cmake/run_test.py" "/src/ros2_ws/build/pioneer_msgs/test_results/pioneer_msgs/uncrustify_rosidl_typesupport_fastrtps_cpp.xunit.xml" "--package-name" "pioneer_msgs" "--output-file" "/src/ros2_ws/build/pioneer_msgs/ament_uncrustify/uncrustify_rosidl_typesupport_fastrtps_cpp.txt" "--command" "/opt/ros/humble/bin/ament_uncrustify" "--xunit-file" "/src/ros2_ws/build/pioneer_msgs/test_results/pioneer_msgs/uncrustify_rosidl_typesupport_fastrtps_cpp.xunit.xml" "--linelength" "0" "/src/ros2_ws/build/pioneer_msgs/rosidl_typesupport_fastrtps_cpp/pioneer_msgs/msg/detail/dds_fastrtps/motion_command__type_support.cpp" "/src/ros2_ws/build/pioneer_msgs/rosidl_typesupport_fastrtps_cpp/pioneer_msgs/msg/detail/motion_command__rosidl_typesupport_fastrtps_cpp.hpp" "/src/ros2_ws/build/pioneer_msgs/rosidl_typesupport_fastrtps_cpp/pioneer_msgs/msg/detail/dds_fastrtps/status__type_support.cpp" "/src/ros2_ws/build/pioneer_msgs/rosidl_typesupport_fastrtps_cpp/pioneer_msgs/msg/detail/status__rosidl_typesupport_fastrtps_cpp.hpp"</Value>
				</NamedMeasurement>
				<NamedMeasurement type="text/string" name="Environment">
					<Value>#CTEST_RESOURCE_GROUP_COUNT=</Value>
				</NamedMeasurement>
				<Measurement>
					<Value>-- run_test.py: invoking following command in '/src/ros2_ws/src/pioneer_msgs':
 - /opt/ros/humble/bin/ament_uncrustify --xunit-file /src/ros2_ws/build/pioneer_msgs/test_results/pioneer_msgs/uncrustify_rosidl_typesupport_fastrtps_cpp.xunit.xml --linelength 0 /src/ros2_ws/build/pioneer_msgs/rosidl_typesupport_fastrtps_cpp/pioneer_msgs/msg/detail/dds_fastrtps/motion_command__type_support.cpp /src/ros2_ws/build/pioneer_msgs/rosidl_typesupport_fastrtps_cpp/pioneer_msgs/msg/detail/motion_command__rosidl_typesupport_fastrtps_cpp.hpp /src/ros2_ws/build/pioneer_msgs/rosidl_typesupport_fastrtps_cpp/pioneer_msgs/msg/detail/dds_fastrtps/status__type_support.cpp /src/ros2_ws/build/pioneer_msgs/rosidl_typesupport_fastrtps_cpp/pioneer_msgs/msg/detail/status__rosidl_typesupport_fastrtps_cpp.hpp
No code style divergence in file '/src/ros2_ws/build/pioneer_msgs/rosidl_typesupport_fastrtps_cpp/pioneer_msgs/msg/detail/dds_fastrtps/motion_command__type_support.cpp'

No code style divergence in file '/src/ros2_ws/build/pioneer_msgs/rosidl_typesupport_fastrtps_cpp/pioneer_msgs/msg/detail/dds_fastrtps/status__type_support.cpp'

No code style divergence in file '/src/ros2_ws/build/pioneer_msgs/rosidl_typesupport_fastrtps_cpp/pioneer_msgs/msg/detail/motion_command__rosidl_typesupport_fastrtps_cpp.hpp'

No code style divergence in file '/src/ros2_ws/build/pioneer_msgs/rosidl_typesupport_fastrtps_cpp/pioneer_msgs/msg/detail/status__rosidl_typesupport_fastrtps_cpp.hpp'

No problems found
-- run_test.py: return code 0
-- run_test.py: verify result file '/src/ros2_ws/build/pioneer_msgs/test_results/pioneer_msgs/uncrustify_rosidl_typesupport_fastrtps_cpp.xunit.xml'
</Value>
				</Measurement>
			</Results>
			<Labels>
				<Label>linter</Label>
				<Label>uncrustify</Label>
			</Labels>
		</Test>
		<Test Status="passed">
			<Name>cppcheck_rosidl_typesupport_introspection_cpp</Name>
			<Path>.</Path>
			<FullName>./cppcheck_rosidl_typesupport_introspection_cpp</FullName>
			<FullCommandLine>/usr/bin/python3.10 "-u" "/opt/ros/humble/share/ament_cmake_test/cmake/run_test.py" "/src/ros2_ws/build/pioneer_msgs/test_results/pioneer_msgs/cppcheck_rosidl_typesupport_introspection_cpp.xunit.xml" "--package-name" "pioneer_msgs" "--output-file" "/src/ros2_ws/build/pioneer_msgs/ament_cppcheck/cppcheck_rosidl_typesupport_introspection_cpp.txt" "--command" "/opt/ros/humble/bin/ament_cppcheck" "--xunit-file" "/src/ros2_ws/build/pioneer_msgs/test_results/pioneer_msgs/cppcheck_rosidl_typesupport_introspection_cpp.xunit.xml" "/src/ros2_ws/build/pioneer_msgs/rosidl_typesupport_introspection_cpp/pioneer_msgs"</FullCommandLine>
			<Results>
				<NamedMeasurement type="numeric/double" name="Execution Time">
					<Value>3.75302</Value>
				</NamedMeasurement>
				<NamedMeasurement type="numeric/double" name="Processors">
					<Value>1</Value>
				</NamedMeasurement>
				<NamedMeasurement type="text/string" name="Completion Status">
					<Value>Completed</Value>
				</NamedMeasurement>
				<NamedMeasurement type="text/string" name="Command Line">
					<Value>/usr/bin/python3.10 "-u" "/opt/ros/humble/share/ament_cmake_test/cmake/run_test.py" "/src/ros2_ws/build/pioneer_msgs/test_results/pioneer_msgs/cppcheck_rosidl_typesupport_introspection_cpp.xunit.xml" "--package-name" "pioneer_msgs" "--output-file" "/src/ros2_ws/build/pioneer_msgs/ament_cppcheck/cppcheck_rosidl_typesupport_introspection_cpp.txt" "--command" "/opt/ros/humble/bin/ament_cppcheck" "--xunit-file" "/src/ros2_ws/build/pioneer_msgs/test_results/pioneer_msgs/cppcheck_rosidl_typesupport_introspection_cpp.xunit.xml" "/src/ros2_ws/build/pioneer_msgs/rosidl_typesupport_introspection_cpp/pioneer_msgs"</Value>
				</NamedMeasurement>
				<NamedMeasurement type="text/string" name="Environment">
					<Value>#CTEST_RESOURCE_GROUP_COUNT=</Value>
				</NamedMeasurement>
				<Measurement>
					<Value>-- run_test.py: invoking following command in '/src/ros2_ws/src/pioneer_msgs':
 - /opt/ros/humble/bin/ament_cppcheck --xunit-file /src/ros2_ws/build/pioneer_msgs/test_results/pioneer_msgs/cppcheck_rosidl_typesupport_introspection_cpp.xunit.xml /src/ros2_ws/build/pioneer_msgs/rosidl_typesupport_introspection_cpp/pioneer_msgs
cppcheck 2.7 has known performance issues and therefore will not be used, set the AMENT_CPPCHECK_ALLOW_SLOW_VERSIONS environment variable to override this.
-- run_test.py: return code 0
-- run_test.py: verify result file '/src/ros2_ws/build/pioneer_msgs/test_results/pioneer_msgs/cppcheck_rosidl_typesupport_introspection_cpp.xunit.xml'
</Value>
				</Measurement>
			</Results>
			<Labels>
				<Label>cppcheck</Label>
				<Label>linter</Label>
			</Labels>
		</Test>
		<Test Status="passed">
			<Name>cpplint_rosidl_typesupport_introspection_cpp</Name>
			<Path>.</Path>
			<FullName>./cpplint_rosidl_typesupport_introspection_cpp</FullName>
			<FullCommandLine>/usr/bin/python3.10 "-u" "/opt/ros/humble/share/ament_cmake_test/cmake/run_test.py" "/src/ros2_ws/build/pioneer_msgs/test_results/pioneer_msgs/cpplint_rosidl_typesupport_introspection_cpp.xunit.xml" "--package-name" "pioneer_msgs" "--output-file" "/src/ros2_ws/build/pioneer_msgs/ament_cpplint/cpplint_rosidl_typesupport_introspection_cpp.txt" "--command" "/opt/ros/humble/bin/ament_cpplint" "--xunit-file" "/src/ros2_ws/build/pioneer_msgs/test_results/pioneer_msgs/cpplint_rosidl_typesupport_introspection_cpp.xunit.xml" "--linelength" "999" "--root" "/src/ros2_ws/build/pioneer_msgs/rosidl_typesupport_introspection_cpp" "/src/ros2_ws/build/pioneer_msgs/rosidl_typesupport_introspection_cpp/pioneer_msgs"</FullCommandLine>
			<Results>
				<NamedMeasurement type="numeric/double" name="Execution Time">
					<Value>17.0436</Value>
				</NamedMeasurement>
				<NamedMeasurement type="numeric/double" name="Processors">
					<Value>1</Value>
				</NamedMeasurement>
				<NamedMeasurement type="text/string" name="Completion Status">
					<Value>Completed</Value>
				</NamedMeasurement>
				<NamedMeasurement type="text/string" name="Command Line">
					<Value>/usr/bin/python3.10 "-u" "/opt/ros/humble/share/ament_cmake_test/cmake/run_test.py" "/src/ros2_ws/build/pioneer_msgs/test_results/pioneer_msgs/cpplint_rosidl_typesupport_introspection_cpp.xunit.xml" "--package-name" "pioneer_msgs" "--output-file" "/src/ros2_ws/build/pioneer_msgs/ament_cpplint/cpplint_rosidl_typesupport_introspection_cpp.txt" "--command" "/opt/ros/humble/bin/ament_cpplint" "--xunit-file" "/src/ros2_ws/build/pioneer_msgs/test_results/pioneer_msgs/cpplint_rosidl_typesupport_introspection_cpp.xunit.xml" "--linelength" "999" "--root" "/src/ros2_ws/build/pioneer_msgs/rosidl_typesupport_introspection_cpp" "/src/ros2_ws/build/pioneer_msgs/rosidl_typesupport_introspection_cpp/pioneer_msgs"</Value>
				</NamedMeasurement>
				<NamedMeasurement type="text/string" name="Environment">
					<Value>#CTEST_RESOURCE_GROUP_COUNT=</Value>
				</NamedMeasurement>
				<Measurement>
					<Value>-- run_test.py: invoking following command in '/src/ros2_ws/src/pioneer_msgs':
 - /opt/ros/humble/bin/ament_cpplint --xunit-file /src/ros2_ws/build/pioneer_msgs/test_results/pioneer_msgs/cpplint_rosidl_typesupport_introspection_cpp.xunit.xml --linelength 999 --root /src/ros2_ws/build/pioneer_msgs/rosidl_typesupport_introspection_cpp /src/ros2_ws/build/pioneer_msgs/rosidl_typesupport_introspection_cpp/pioneer_msgs
Using '--root=/src/ros2_ws/build/pioneer_msgs/rosidl_typesupport_introspection_cpp' argument

Done processing /src/ros2_ws/build/pioneer_msgs/rosidl_typesupport_introspection_cpp/pioneer_msgs/msg/detail/motion_command__rosidl_typesupport_introspection_cpp.hpp

Done processing /src/ros2_ws/build/pioneer_msgs/rosidl_typesupport_introspection_cpp/pioneer_msgs/msg/detail/motion_command__type_support.cpp

Done processing /src/ros2_ws/build/pioneer_msgs/rosidl_typesupport_introspection_cpp/pioneer_msgs/msg/detail/status__rosidl_typesupport_introspection_cpp.hpp

Done processing /src/ros2_ws/build/pioneer_msgs/rosidl_typesupport_introspection_cpp/pioneer_msgs/msg/detail/status__type_support.cpp

No problems found
-- run_test.py: return code 0
-- run_test.py: verify result file '/src/ros2_ws/build/pioneer_msgs/test_results/pioneer_msgs/cpplint_rosidl_typesupport_introspection_cpp.xunit.xml'
</Value>
				</Measurement>
			</Results>
			<Labels>
				<Label>cpplint</Label>
				<Label>linter</Label>
			</Labels>
		</Test>
		<Test Status="passed">
			<Name>uncrustify_rosidl_typesupport_introspection_cpp</Name>
			<Path>.</Path>
			<FullName>./uncrustify_rosidl_typesupport_introspection_cpp</FullName>
			<FullCommandLine>/usr/bin/python3.10 "-u" "/opt/ros/humble/share/ament_cmake_test/cmake/run_test.py" "/src/ros2_ws/build/pioneer_msgs/test_results/pioneer_msgs/uncrustify_rosidl_typesupport_introspection_cpp.xunit.xml" "--package-name" "pioneer_msgs" "--output-file" "/src/ros2_ws/build/pioneer_msgs/ament_uncrustify/uncrustify_rosidl_typesupport_introspection_cpp.txt" "--command" "/opt/ros/humble/bin/ament_uncrustify" "--xunit-file" "/src/ros2_ws/build/pioneer_msgs/test_results/pioneer_msgs/uncrustify_rosidl_typesupport_introspection_cpp.xunit.xml" "--linelength" "0" "/src/ros2_ws/build/pioneer_msgs/rosidl_typesupport_introspection_cpp/pioneer_msgs"</FullCommandLine>
			<Results>
				<NamedMeasurement type="numeric/double" name="Execution Time">
					<Value>4.22202</Value>
				</NamedMeasurement>
				<NamedMeasurement type="numeric/double" name="Processors">
					<Value>1</Value>
				</NamedMeasurement>
				<NamedMeasurement type="text/string" name="Completion Status">
					<Value>Completed</Value>
				</NamedMeasurement>
				<NamedMeasurement type="text/string" name="Command Line">
					<Value>/usr/bin/python3.10 "-u" "/opt/ros/humble/share/ament_cmake_test/cmake/run_test.py" "/src/ros2_ws/build/pioneer_msgs/test_results/pioneer_msgs/uncrustify_rosidl_typesupport_introspection_cpp.xunit.xml" "--package-name" "pioneer_msgs" "--output-file" "/src/ros2_ws/build/pioneer_msgs/ament_uncrustify/uncrustify_rosidl_typesupport_introspection_cpp.txt" "--command" "/opt/ros/humble/bin/ament_uncrustify" "--xunit-file" "/src/ros2_ws/build/pioneer_msgs/test_results/pioneer_msgs/uncrustify_rosidl_typesupport_introspection_cpp.xunit.xml" "--linelength" "0" "/src/ros2_ws/build/pioneer_msgs/rosidl_typesupport_introspection_cpp/pioneer_msgs"</Value>
				</NamedMeasurement>
				<NamedMeasurement type="text/string" name="Environment">
					<Value>#CTEST_RESOURCE_GROUP_COUNT=</Value>
				</NamedMeasurement>
				<Measurement>
					<Value>-- run_test.py: invoking following command in '/src/ros2_ws/src/pioneer_msgs':
 - /opt/ros/humble/bin/ament_uncrustify --xunit-file /src/ros2_ws/build/pioneer_msgs/test_results/pioneer_msgs/uncrustify_rosidl_typesupport_introspection_cpp.xunit.xml --linelength 0 /src/ros2_ws/build/pioneer_msgs/rosidl_typesupport_introspection_cpp/pioneer_msgs
No code style divergence in file '/src/ros2_ws/build/pioneer_msgs/rosidl_typesupport_introspection_cpp/pioneer_msgs/msg/detail/motion_command__rosidl_typesupport_introspection_cpp.hpp'

No code style divergence in file '/src/ros2_ws/build/pioneer_msgs/rosidl_typesupport_introspection_cpp/pioneer_msgs/msg/detail/motion_command__type_support.cpp'

No code style divergence in file '/src/ros2_ws/build/pioneer_msgs/rosidl_typesupport_introspection_cpp/pioneer_msgs/msg/detail/status__rosidl_typesupport_introspection_cpp.hpp'

No code style divergence in file '/src/ros2_ws/build/pioneer_msgs/rosidl_typesupport_introspection_cpp/pioneer_msgs/msg/detail/status__type_support.cpp'

No problems found
-- run_test.py: return code 0
-- run_test.py: verify result file '/src/ros2_ws/build/pioneer_msgs/test_results/pioneer_msgs/uncrustify_rosidl_typesupport_introspection_cpp.xunit.xml'
</Value>
				</Measurement>
			</Results>
			<Labels>
				<Label>linter</Label>
				<Label>uncrustify</Label>
			</Labels>
		</Test>
		<Test Status="passed">
			<Name>cppcheck_rosidl_typesupport_cpp</Name>
			<Path>.</Path>
			<FullName>./cppcheck_rosidl_typesupport_cpp</FullName>
[...]
				</NamedMeasurement>
				<NamedMeasurement type="text/string" name="Environment">
					<Value>#CTEST_RESOURCE_GROUP_COUNT=</Value>
				</NamedMeasurement>
				<Measurement>
					<Value>-- run_test.py: invoking following command in '/src/ros2_ws/src/pioneer_msgs':
 - /opt/ros/humble/bin/ament_cpplint --xunit-file /src/ros2_ws/build/pioneer_msgs/test_results/pioneer_msgs/cpplint_rosidl_typesupport_cpp.xunit.xml --linelength 999 --root /src/ros2_ws/build/pioneer_msgs/rosidl_typesupport_cpp /src/ros2_ws/build/pioneer_msgs/rosidl_typesupport_cpp/pioneer_msgs
Using '--root=/src/ros2_ws/build/pioneer_msgs/rosidl_typesupport_cpp' argument

Done processing /src/ros2_ws/build/pioneer_msgs/rosidl_typesupport_cpp/pioneer_msgs/msg/motion_command__type_support.cpp

Done processing /src/ros2_ws/build/pioneer_msgs/rosidl_typesupport_cpp/pioneer_msgs/msg/status__type_support.cpp

No problems found
-- run_test.py: return code 0
-- run_test.py: verify result file '/src/ros2_ws/build/pioneer_msgs/test_results/pioneer_msgs/cpplint_rosidl_typesupport_cpp.xunit.xml'
</Value>
				</Measurement>
			</Results>
			<Labels>
				<Label>cpplint</Label>
				<Label>linter</Label>
			</Labels>
		</Test>
		<Test Status="passed">
			<Name>uncrustify_rosidl_typesupport_cpp</Name>
			<Path>.</Path>
			<FullName>./uncrustify_rosidl_typesupport_cpp</FullName>
			<FullCommandLine>/usr/bin/python3.10 "-u" "/opt/ros/humble/share/ament_cmake_test/cmake/run_test.py" "/src/ros2_ws/build/pioneer_msgs/test_results/pioneer_msgs/uncrustify_rosidl_typesupport_cpp.xunit.xml" "--package-name" "pioneer_msgs" "--output-file" "/src/ros2_ws/build/pioneer_msgs/ament_uncrustify/uncrustify_rosidl_typesupport_cpp.txt" "--command" "/opt/ros/humble/bin/ament_uncrustify" "--xunit-file" "/src/ros2_ws/build/pioneer_msgs/test_results/pioneer_msgs/uncrustify_rosidl_typesupport_cpp.xunit.xml" "--linelength" "0" "/src/ros2_ws/build/pioneer_msgs/rosidl_typesupport_cpp/pioneer_msgs"</FullCommandLine>
			<Results>
				<NamedMeasurement type="numeric/double" name="Execution Time">
					<Value>4.05227</Value>
				</NamedMeasurement>
				<NamedMeasurement type="numeric/double" name="Processors">
					<Value>1</Value>
				</NamedMeasurement>
				<NamedMeasurement type="text/string" name="Completion Status">
					<Value>Completed</Value>
				</NamedMeasurement>
				<NamedMeasurement type="text/string" name="Command Line">
					<Value>/usr/bin/python3.10 "-u" "/opt/ros/humble/share/ament_cmake_test/cmake/run_test.py" "/src/ros2_ws/build/pioneer_msgs/test_results/pioneer_msgs/uncrustify_rosidl_typesupport_cpp.xunit.xml" "--package-name" "pioneer_msgs" "--output-file" "/src/ros2_ws/build/pioneer_msgs/ament_uncrustify/uncrustify_rosidl_typesupport_cpp.txt" "--command" "/opt/ros/humble/bin/ament_uncrustify" "--xunit-file" "/src/ros2_ws/build/pioneer_msgs/test_results/pioneer_msgs/uncrustify_rosidl_typesupport_cpp.xunit.xml" "--linelength" "0" "/src/ros2_ws/build/pioneer_msgs/rosidl_typesupport_cpp/pioneer_msgs"</Value>
				</NamedMeasurement>
				<NamedMeasurement type="text/string" name="Environment">
					<Value>#CTEST_RESOURCE_GROUP_COUNT=</Value>
				</NamedMeasurement>
				<Measurement>
					<Value>-- run_test.py: invoking following command in '/src/ros2_ws/src/pioneer_msgs':
 - /opt/ros/humble/bin/ament_uncrustify --xunit-file /src/ros2_ws/build/pioneer_msgs/test_results/pioneer_msgs/uncrustify_rosidl_typesupport_cpp.xunit.xml --linelength 0 /src/ros2_ws/build/pioneer_msgs/rosidl_typesupport_cpp/pioneer_msgs
No code style divergence in file '/src/ros2_ws/build/pioneer_msgs/rosidl_typesupport_cpp/pioneer_msgs/msg/motion_command__type_support.cpp'

No code style divergence in file '/src/ros2_ws/build/pioneer_msgs/rosidl_typesupport_cpp/pioneer_msgs/msg/status__type_support.cpp'

No problems found
-- run_test.py: return code 0
-- run_test.py: verify result file '/src/ros2_ws/build/pioneer_msgs/test_results/pioneer_msgs/uncrustify_rosidl_typesupport_cpp.xunit.xml'
</Value>
				</Measurement>
			</Results>
			<Labels>
				<Label>linter</Label>
				<Label>uncrustify</Label>
			</Labels>
		</Test>
		<Test Status="passed">
			<Name>cppcheck_rosidl_generated_py</Name>
			<Path>.</Path>
			<FullName>./cppcheck_rosidl_generated_py</FullName>
			<FullCommandLine>/usr/bin/python3.10 "-u" "/opt/ros/humble/share/ament_cmake_test/cmake/run_test.py" "/src/ros2_ws/build/pioneer_msgs/test_results/pioneer_msgs/cppcheck_rosidl_generated_py.xunit.xml" "--package-name" "pioneer_msgs" "--output-file" "/src/ros2_ws/build/pioneer_msgs/ament_cppcheck/cppcheck_rosidl_generated_py.txt" "--command" "/opt/ros/humble/bin/ament_cppcheck" "--xunit-file" "/src/ros2_ws/build/pioneer_msgs/test_results/pioneer_msgs/cppcheck_rosidl_generated_py.xunit.xml" "/src/ros2_ws/build/pioneer_msgs/rosidl_generator_py/pioneer_msgs"</FullCommandLine>
			<Results>
				<NamedMeasurement type="numeric/double" name="Execution Time">
					<Value>3.89591</Value>
				</NamedMeasurement>
				<NamedMeasurement type="numeric/double" name="Processors">
					<Value>1</Value>
				</NamedMeasurement>
				<NamedMeasurement type="text/string" name="Completion Status">
					<Value>Completed</Value>
				</NamedMeasurement>
				<NamedMeasurement type="text/string" name="Command Line">
					<Value>/usr/bin/python3.10 "-u" "/opt/ros/humble/share/ament_cmake_test/cmake/run_test.py" "/src/ros2_ws/build/pioneer_msgs/test_results/pioneer_msgs/cppcheck_rosidl_generated_py.xunit.xml" "--package-name" "pioneer_msgs" "--output-file" "/src/ros2_ws/build/pioneer_msgs/ament_cppcheck/cppcheck_rosidl_generated_py.txt" "--command" "/opt/ros/humble/bin/ament_cppcheck" "--xunit-file" "/src/ros2_ws/build/pioneer_msgs/test_results/pioneer_msgs/cppcheck_rosidl_generated_py.xunit.xml" "/src/ros2_ws/build/pioneer_msgs/rosidl_generator_py/pioneer_msgs"</Value>
				</NamedMeasurement>
				<NamedMeasurement type="text/string" name="Environment">
					<Value>#CTEST_RESOURCE_GROUP_COUNT=</Value>
				</NamedMeasurement>
				<Measurement>
					<Value>-- run_test.py: invoking following command in '/src/ros2_ws/src/pioneer_msgs':
 - /opt/ros/humble/bin/ament_cppcheck --xunit-file /src/ros2_ws/build/pioneer_msgs/test_results/pioneer_msgs/cppcheck_rosidl_generated_py.xunit.xml /src/ros2_ws/build/pioneer_msgs/rosidl_generator_py/pioneer_msgs
cppcheck 2.7 has known performance issues and therefore will not be used, set the AMENT_CPPCHECK_ALLOW_SLOW_VERSIONS environment variable to override this.
-- run_test.py: return code 0
-- run_test.py: verify result file '/src/ros2_ws/build/pioneer_msgs/test_results/pioneer_msgs/cppcheck_rosidl_generated_py.xunit.xml'
</Value>
				</Measurement>
			</Results>
			<Labels>
				<Label>cppcheck</Label>
				<Label>linter</Label>
			</Labels>
		</Test>
		<Test Status="passed">
			<Name>cpplint_rosidl_generated_py</Name>
			<Path>.</Path>
			<FullName>./cpplint_rosidl_generated_py</FullName>
			<FullCommandLine>/usr/bin/python3.10 "-u" "/opt/ros/humble/share/ament_cmake_test/cmake/run_test.py" "/src/ros2_ws/build/pioneer_msgs/test_results/pioneer_msgs/cpplint_rosidl_generated_py.xunit.xml" "--package-name" "pioneer_msgs" "--output-file" "/src/ros2_ws/build/pioneer_msgs/ament_cpplint/cpplint_rosidl_generated_py.txt" "--command" "/opt/ros/humble/bin/ament_cpplint" "--xunit-file" "/src/ros2_ws/build/pioneer_msgs/test_results/pioneer_msgs/cpplint_rosidl_generated_py.xunit.xml" "--filters=-readability/fn_size" "--linelength" "999" "--root" "/src/ros2_ws/build/pioneer_msgs/rosidl_generator_py" "/src/ros2_ws/build/pioneer_msgs/rosidl_generator_py/pioneer_msgs"</FullCommandLine>
			<Results>
				<NamedMeasurement type="numeric/double" name="Execution Time">
					<Value>13.6588</Value>
				</NamedMeasurement>
				<NamedMeasurement type="numeric/double" name="Processors">
					<Value>1</Value>
				</NamedMeasurement>
				<NamedMeasurement type="text/string" name="Completion Status">
					<Value>Completed</Value>
				</NamedMeasurement>
				<NamedMeasurement type="text/string" name="Command Line">
					<Value>/usr/bin/python3.10 "-u" "/opt/ros/humble/share/ament_cmake_test/cmake/run_test.py" "/src/ros2_ws/build/pioneer_msgs/test_results/pioneer_msgs/cpplint_rosidl_generated_py.xunit.xml" "--package-name" "pioneer_msgs" "--output-file" "/src/ros2_ws/build/pioneer_msgs/ament_cpplint/cpplint_rosidl_generated_py.txt" "--command" "/opt/ros/humble/bin/ament_cpplint" "--xunit-file" "/src/ros2_ws/build/pioneer_msgs/test_results/pioneer_msgs/cpplint_rosidl_generated_py.xunit.xml" "--filters=-readability/fn_size" "--linelength" "999" "--root" "/src/ros2_ws/build/pioneer_msgs/rosidl_generator_py" "/src/ros2_ws/build/pioneer_msgs/rosidl_generator_py/pioneer_msgs"</Value>
				</NamedMeasurement>
				<NamedMeasurement type="text/string" name="Environment">
					<Value>#CTEST_RESOURCE_GROUP_COUNT=</Value>
				</NamedMeasurement>
				<Measurement>
					<Value>-- run_test.py: invoking following command in '/src/ros2_ws/src/pioneer_msgs':
 - /opt/ros/humble/bin/ament_cpplint --xunit-file /src/ros2_ws/build/pioneer_msgs/test_results/pioneer_msgs/cpplint_rosidl_generated_py.xunit.xml --filters=-readability/fn_size --linelength 999 --root /src/ros2_ws/build/pioneer_msgs/rosidl_generator_py /src/ros2_ws/build/pioneer_msgs/rosidl_generator_py/pioneer_msgs
Using '--root=/src/ros2_ws/build/pioneer_msgs/rosidl_generator_py' argument

Done processing /src/ros2_ws/build/pioneer_msgs/rosidl_generator_py/pioneer_msgs/_pioneer_msgs_s.ep.rosidl_typesupport_c.c

Done processing /src/ros2_ws/build/pioneer_msgs/rosidl_generator_py/pioneer_msgs/_pioneer_msgs_s.ep.rosidl_typesupport_fastrtps_c.c

Done processing /src/ros2_ws/build/pioneer_msgs/rosidl_generator_py/pioneer_msgs/_pioneer_msgs_s.ep.rosidl_typesupport_introspection_c.c

Done processing /src/ros2_ws/build/pioneer_msgs/rosidl_generator_py/pioneer_msgs/msg/_motion_command_s.c

Done processing /src/ros2_ws/build/pioneer_msgs/rosidl_generator_py/pioneer_msgs/msg/_status_s.c

No problems found
-- run_test.py: return code 0
-- run_test.py: verify result file '/src/ros2_ws/build/pioneer_msgs/test_results/pioneer_msgs/cpplint_rosidl_generated_py.xunit.xml'
</Value>
				</Measurement>
			</Results>
			<Labels>
				<Label>cpplint</Label>
				<Label>linter</Label>
			</Labels>
		</Test>
		<Test Status="passed">
			<Name>flake8_rosidl_generated_py</Name>
			<Path>.</Path>
			<FullName>./flake8_rosidl_generated_py</FullName>
			<FullCommandLine>/usr/bin/python3.10 "-u" "/opt/ros/humble/share/ament_cmake_test/cmake/run_test.py" "/src/ros2_ws/build/pioneer_msgs/test_results/pioneer_msgs/flake8_rosidl_generated_py.xunit.xml" "--package-name" "pioneer_msgs" "--output-file" "/src/ros2_ws/build/pioneer_msgs/ament_flake8/flake8_rosidl_generated_py.txt" "--command" "/opt/ros/humble/bin/ament_flake8" "--xunit-file" "/src/ros2_ws/build/pioneer_msgs/test_results/pioneer_msgs/flake8_rosidl_generated_py.xunit.xml" "--linelength" "999" "/src/ros2_ws/build/pioneer_msgs/rosidl_generator_py/pioneer_msgs"</FullCommandLine>
			<Results>
				<NamedMeasurement type="numeric/double" name="Execution Time">
					<Value>4.66121</Value>
				</NamedMeasurement>
				<NamedMeasurement type="numeric/double" name="Processors">
					<Value>1</Value>
				</NamedMeasurement>
				<NamedMeasurement type="text/string" name="Completion Status">
					<Value>Completed</Value>
				</NamedMeasurement>
				<NamedMeasurement type="text/string" name="Command Line">
					<Value>/usr/bin/python3.10 "-u" "/opt/ros/humble/share/ament_cmake_test/cmake/run_test.py" "/src/ros2_ws/build/pioneer_msgs/test_results/pioneer_msgs/flake8_rosidl_generated_py.xunit.xml" "--package-name" "pioneer_msgs" "--output-file" "/src/ros2_ws/build/pioneer_msgs/ament_flake8/flake8_rosidl_generated_py.txt" "--command" "/opt/ros/humble/bin/ament_flake8" "--xunit-file" "/src/ros2_ws/build/pioneer_msgs/test_results/pioneer_msgs/flake8_rosidl_generated_py.xunit.xml" "--linelength" "999" "/src/ros2_ws/build/pioneer_msgs/rosidl_generator_py/pioneer_msgs"</Value>
				</NamedMeasurement>
				<NamedMeasurement type="text/string" name="Environment">
					<Value>#CTEST_RESOURCE_GROUP_COUNT=</Value>
				</NamedMeasurement>
				<Measurement>
					<Value>-- run_test.py: invoking following command in '/src/ros2_ws/src/pioneer_msgs':
 - /opt/ros/humble/bin/ament_flake8 --xunit-file /src/ros2_ws/build/pioneer_msgs/test_results/pioneer_msgs/flake8_rosidl_generated_py.xunit.xml --linelength 999 /src/ros2_ws/build/pioneer_msgs/rosidl_generator_py/pioneer_msgs

4 files checked
No problems found

Checked files:

* /src/ros2_ws/build/pioneer_msgs/rosidl_generator_py/pioneer_msgs/__init__.py
* /src/ros2_ws/build/pioneer_msgs/rosidl_generator_py/pioneer_msgs/msg/_motion_command.py
* /src/ros2_ws/build/pioneer_msgs/rosidl_generator_py/pioneer_msgs/msg/_status.py
* /src/ros2_ws/build/pioneer_msgs/rosidl_generator_py/pioneer_msgs/msg/__init__.py
-- run_test.py: return code 0
-- run_test.py: verify result file '/src/ros2_ws/build/pioneer_msgs/test_results/pioneer_msgs/flake8_rosidl_generated_py.xunit.xml'
</Value>
				</Measurement>
			</Results>
			<Labels>
				<Label>flake8</Label>
				<Label>linter</Label>
			</Labels>
		</Test>
		<Test Status="passed">
			<Name>pep257_rosidl_generated_py</Name>
			<Path>.</Path>
			<FullName>./pep257_rosidl_generated_py</FullName>
			<FullCommandLine>/usr/bin/python3.10 "-u" "/opt/ros/humble/share/ament_cmake_test/cmake/run_test.py" "/src/ros2_ws/build/pioneer_msgs/test_results/pioneer_msgs/pep257_rosidl_generated_py.xunit.xml" "--package-name" "pioneer_msgs" "--output-file" "/src/ros2_ws/build/pioneer_msgs/ament_pep257/pep257_rosidl_generated_py.txt" "--command" "/opt/ros/humble/bin/ament_pep257" "--xunit-file" "/src/ros2_ws/build/pioneer_msgs/test_results/pioneer_msgs/pep257_rosidl_generated_py.xunit.xml" "/src/ros2_ws/build/pioneer_msgs/rosidl_generator_py/pioneer_msgs"</FullCommandLine>
			<Results>
				<NamedMeasurement type="numeric/double" name="Execution Time">
					<Value>4.10064</Value>
				</NamedMeasurement>
				<NamedMeasurement type="numeric/double" name="Processors">
					<Value>1</Value>
				</NamedMeasurement>
				<NamedMeasurement type="text/string" name="Completion Status">
					<Value>Completed</Value>
				</NamedMeasurement>
				<NamedMeasurement type="text/string" name="Command Line">
					<Value>/usr/bin/python3.10 "-u" "/opt/ros/humble/share/ament_cmake_test/cmake/run_test.py" "/src/ros2_ws/build/pioneer_msgs/test_results/pioneer_msgs/pep257_rosidl_generated_py.xunit.xml" "--package-name" "pioneer_msgs" "--output-file" "/src/ros2_ws/build/pioneer_msgs/ament_pep257/pep257_rosidl_generated_py.txt" "--command" "/opt/ros/humble/bin/ament_pep257" "--xunit-file" "/src/ros2_ws/build/pioneer_msgs/test_results/pioneer_msgs/pep257_rosidl_generated_py.xunit.xml" "/src/ros2_ws/build/pioneer_msgs/rosidl_generator_py/pioneer_msgs"</Value>
				</NamedMeasurement>
				<NamedMeasurement type="text/string" name="Environment">
					<Value>#CTEST_RESOURCE_GROUP_COUNT=</Value>
				</NamedMeasurement>
				<Measurement>
					<Value>-- run_test.py: invoking following command in '/src/ros2_ws/src/pioneer_msgs':
 - /opt/ros/humble/bin/ament_pep257 --xunit-file /src/ros2_ws/build/pioneer_msgs/test_results/pioneer_msgs/pep257_rosidl_generated_py.xunit.xml /src/ros2_ws/build/pioneer_msgs/rosidl_generator_py/pioneer_msgs
checking /src/ros2_ws/build/pioneer_msgs/rosidl_generator_py/pioneer_msgs/__init__.py
checking /src/ros2_ws/build/pioneer_msgs/rosidl_generator_py/pioneer_msgs/msg/__init__.py
checking /src/ros2_ws/build/pioneer_msgs/rosidl_generator_py/pioneer_msgs/msg/_motion_command.py
checking /src/ros2_ws/build/pioneer_msgs/rosidl_generator_py/pioneer_msgs/msg/_status.py
No problems found
-- run_test.py: return code 0
-- run_test.py: verify result file '/src/ros2_ws/build/pioneer_msgs/test_results/pioneer_msgs/pep257_rosidl_generated_py.xunit.xml'
</Value>
				</Measurement>
			</Results>
			<Labels>
				<Label>linter</Label>
				<Label>pep257</Label>
			</Labels>
		</Test>
		<Test Status="passed">
			<Name>uncrustify_rosidl_generated_py</Name>
			<Path>.</Path>
			<FullName>./uncrustify_rosidl_generated_py</FullName>
			<FullCommandLine>/usr/bin/python3.10 "-u" "/opt/ros/humble/share/ament_cmake_test/cmake/run_test.py" "/src/ros2_ws/build/pioneer_msgs/test_results/pioneer_msgs/uncrustify_rosidl_generated_py.xunit.xml" "--package-name" "pioneer_msgs" "--output-file" "/src/ros2_ws/build/pioneer_msgs/ament_uncrustify/uncrustify_rosidl_generated_py.txt" "--command" "/opt/ros/humble/bin/ament_uncrustify" "--xunit-file" "/src/ros2_ws/build/pioneer_msgs/test_results/pioneer_msgs/uncrustify_rosidl_generated_py.xunit.xml" "--linelength" "0" "/src/ros2_ws/build/pioneer_msgs/rosidl_generator_py/pioneer_msgs"</FullCommandLine>
			<Results>
				<NamedMeasurement type="numeric/double" name="Execution Time">
					<Value>4.19247</Value>
				</NamedMeasurement>
				<NamedMeasurement type="numeric/double" name="Processors">
					<Value>1</Value>
				</NamedMeasurement>
				<NamedMeasurement type="text/string" name="Completion Status">
					<Value>Completed</Value>
				</NamedMeasurement>
				<NamedMeasurement type="text/string" name="Command Line">
					<Value>/usr/bin/python3.10 "-u" "/opt/ros/humble/share/ament_cmake_test/cmake/run_test.py" "/src/ros2_ws/build/pioneer_msgs/test_results/pioneer_msgs/uncrustify_rosidl_generated_py.xunit.xml" "--package-name" "pioneer_msgs" "--output-file" "/src/ros2_ws/build/pioneer_msgs/ament_uncrustify/uncrustify_rosidl_generated_py.txt" "--command" "/opt/ros/humble/bin/ament_uncrustify" "--xunit-file" "/src/ros2_ws/build/pioneer_msgs/test_results/pioneer_msgs/uncrustify_rosidl_generated_py.xunit.xml" "--linelength" "0" "/src/ros2_ws/build/pioneer_msgs/rosidl_generator_py/pioneer_msgs"</Value>
				</NamedMeasurement>
				<NamedMeasurement type="text/string" name="Environment">
					<Value>#CTEST_RESOURCE_GROUP_COUNT=</Value>
				</NamedMeasurement>
				<Measurement>
					<Value>-- run_test.py: invoking following command in '/src/ros2_ws/src/pioneer_msgs':
 - /opt/ros/humble/bin/ament_uncrustify --xunit-file /src/ros2_ws/build/pioneer_msgs/test_results/pioneer_msgs/uncrustify_rosidl_generated_py.xunit.xml --linelength 0 /src/ros2_ws/build/pioneer_msgs/rosidl_generator_py/pioneer_msgs
No code style divergence in file '/src/ros2_ws/build/pioneer_msgs/rosidl_generator_py/pioneer_msgs/_pioneer_msgs_s.ep.rosidl_typesupport_c.c'

No code style divergence in file '/src/ros2_ws/build/pioneer_msgs/rosidl_generator_py/pioneer_msgs/_pioneer_msgs_s.ep.rosidl_typesupport_fastrtps_c.c'

No code style divergence in file '/src/ros2_ws/build/pioneer_msgs/rosidl_generator_py/pioneer_msgs/_pioneer_msgs_s.ep.rosidl_typesupport_introspection_c.c'

No code style divergence in file '/src/ros2_ws/build/pioneer_msgs/rosidl_generator_py/pioneer_msgs/msg/_motion_command_s.c'

No code style divergence in file '/src/ros2_ws/build/pioneer_msgs/rosidl_generator_py/pioneer_msgs/msg/_status_s.c'

No problems found
-- run_test.py: return code 0
-- run_test.py: verify result file '/src/ros2_ws/build/pioneer_msgs/test_results/pioneer_msgs/uncrustify_rosidl_generated_py.xunit.xml'
</Value>
				</Measurement>
			</Results>
			<Labels>
				<Label>linter</Label>
				<Label>uncrustify</Label>
			</Labels>
		</Test>
		<EndDateTime>Feb 21 13:04 UTC</EndDateTime>
		<EndTestTime>1708520691</EndTestTime>
		<ElapsedMinutes>4</ElapsedMinutes>
	</Testing>
</Site>
